{"E:\\Proyectos\\Proyecto-FULL-PRESTIGE\\FrontEnd\\Frontend\\src\\Paginas\\Login.jsx": {"path":"E:\\Proyectos\\Proyecto-FULL-PRESTIGE\\FrontEnd\\Frontend\\src\\Paginas\\Login.jsx","all":false,"statementMap":{"0":{"start":{"line":1,"column":0},"end":{"line":1,"column":47}},"1":{"start":{"line":2,"column":0},"end":{"line":2,"column":47}},"2":{"start":{"line":3,"column":0},"end":{"line":3,"column":47}},"3":{"start":{"line":4,"column":0},"end":{"line":4,"column":45}},"4":{"start":{"line":5,"column":0},"end":{"line":5,"column":26}},"5":{"start":{"line":6,"column":0},"end":{"line":6,"column":50}},"6":{"start":{"line":7,"column":0},"end":{"line":7,"column":44}},"7":{"start":{"line":8,"column":0},"end":{"line":8,"column":51}},"8":{"start":{"line":9,"column":0},"end":{"line":9,"column":47}},"9":{"start":{"line":10,"column":0},"end":{"line":10,"column":0}},"10":{"start":{"line":11,"column":0},"end":{"line":11,"column":28}},"11":{"start":{"line":12,"column":0},"end":{"line":12,"column":33}},"12":{"start":{"line":13,"column":0},"end":{"line":13,"column":52}},"13":{"start":{"line":14,"column":0},"end":{"line":14,"column":45}},"14":{"start":{"line":15,"column":0},"end":{"line":15,"column":45}},"15":{"start":{"line":16,"column":0},"end":{"line":16,"column":94}},"16":{"start":{"line":17,"column":0},"end":{"line":17,"column":0}},"17":{"start":{"line":18,"column":0},"end":{"line":18,"column":42}},"18":{"start":{"line":19,"column":0},"end":{"line":19,"column":35}},"19":{"start":{"line":20,"column":0},"end":{"line":20,"column":4}},"20":{"start":{"line":21,"column":0},"end":{"line":21,"column":0}},"21":{"start":{"line":22,"column":0},"end":{"line":22,"column":46}},"22":{"start":{"line":23,"column":0},"end":{"line":23,"column":15}},"23":{"start":{"line":24,"column":0},"end":{"line":24,"column":19}},"24":{"start":{"line":25,"column":0},"end":{"line":25,"column":5}},"25":{"start":{"line":26,"column":0},"end":{"line":26,"column":0}},"26":{"start":{"line":27,"column":0},"end":{"line":27,"column":36}},"27":{"start":{"line":28,"column":0},"end":{"line":28,"column":23}},"28":{"start":{"line":29,"column":0},"end":{"line":29,"column":9}},"29":{"start":{"line":30,"column":0},"end":{"line":30,"column":62}},"30":{"start":{"line":31,"column":0},"end":{"line":31,"column":61}},"31":{"start":{"line":32,"column":0},"end":{"line":32,"column":28}},"32":{"start":{"line":33,"column":0},"end":{"line":33,"column":0}},"33":{"start":{"line":34,"column":0},"end":{"line":34,"column":60}},"34":{"start":{"line":35,"column":0},"end":{"line":35,"column":67}},"35":{"start":{"line":36,"column":0},"end":{"line":36,"column":39}},"36":{"start":{"line":37,"column":0},"end":{"line":37,"column":24}},"37":{"start":{"line":38,"column":0},"end":{"line":38,"column":72}},"38":{"start":{"line":39,"column":0},"end":{"line":39,"column":24}},"39":{"start":{"line":40,"column":0},"end":{"line":40,"column":23}},"40":{"start":{"line":41,"column":0},"end":{"line":41,"column":31}},"41":{"start":{"line":42,"column":0},"end":{"line":42,"column":16}},"42":{"start":{"line":43,"column":0},"end":{"line":43,"column":21}},"43":{"start":{"line":44,"column":0},"end":{"line":44,"column":24}},"44":{"start":{"line":45,"column":0},"end":{"line":45,"column":74}},"45":{"start":{"line":46,"column":0},"end":{"line":46,"column":0}},"46":{"start":{"line":47,"column":0},"end":{"line":47,"column":48}},"47":{"start":{"line":48,"column":0},"end":{"line":48,"column":53}},"48":{"start":{"line":49,"column":0},"end":{"line":49,"column":24}},"49":{"start":{"line":50,"column":0},"end":{"line":50,"column":23}},"50":{"start":{"line":51,"column":0},"end":{"line":51,"column":15}},"51":{"start":{"line":52,"column":0},"end":{"line":52,"column":5}},"52":{"start":{"line":53,"column":0},"end":{"line":53,"column":4}},"53":{"start":{"line":54,"column":0},"end":{"line":54,"column":0}},"54":{"start":{"line":55,"column":0},"end":{"line":55,"column":50}},"55":{"start":{"line":56,"column":0},"end":{"line":56,"column":31}},"56":{"start":{"line":57,"column":0},"end":{"line":57,"column":18}},"57":{"start":{"line":58,"column":0},"end":{"line":58,"column":19}},"58":{"start":{"line":59,"column":0},"end":{"line":59,"column":38}},"59":{"start":{"line":60,"column":0},"end":{"line":60,"column":7}},"60":{"start":{"line":61,"column":0},"end":{"line":61,"column":4}},"61":{"start":{"line":62,"column":0},"end":{"line":62,"column":0}},"62":{"start":{"line":63,"column":0},"end":{"line":63,"column":10}},"63":{"start":{"line":64,"column":0},"end":{"line":64,"column":118}},"64":{"start":{"line":65,"column":0},"end":{"line":65,"column":49}},"65":{"start":{"line":66,"column":0},"end":{"line":66,"column":5}},"66":{"start":{"line":67,"column":0},"end":{"line":67,"column":50}},"67":{"start":{"line":68,"column":0},"end":{"line":68,"column":111}},"68":{"start":{"line":69,"column":0},"end":{"line":69,"column":30}},"69":{"start":{"line":70,"column":0},"end":{"line":70,"column":119}},"70":{"start":{"line":71,"column":0},"end":{"line":71,"column":18}},"71":{"start":{"line":72,"column":0},"end":{"line":72,"column":18}},"72":{"start":{"line":73,"column":0},"end":{"line":73,"column":14}},"73":{"start":{"line":74,"column":0},"end":{"line":74,"column":9}},"74":{"start":{"line":75,"column":0},"end":{"line":75,"column":6}},"75":{"start":{"line":76,"column":0},"end":{"line":76,"column":13}},"76":{"start":{"line":77,"column":0},"end":{"line":77,"column":32}},"77":{"start":{"line":78,"column":0},"end":{"line":78,"column":96}},"78":{"start":{"line":79,"column":0},"end":{"line":79,"column":9}},"79":{"start":{"line":80,"column":0},"end":{"line":80,"column":52}},"80":{"start":{"line":81,"column":0},"end":{"line":81,"column":16}},"81":{"start":{"line":82,"column":0},"end":{"line":82,"column":24}},"82":{"start":{"line":83,"column":0},"end":{"line":83,"column":24}},"83":{"start":{"line":84,"column":0},"end":{"line":84,"column":75}},"84":{"start":{"line":85,"column":0},"end":{"line":85,"column":44}},"85":{"start":{"line":86,"column":0},"end":{"line":86,"column":14}},"86":{"start":{"line":87,"column":0},"end":{"line":87,"column":16}},"87":{"start":{"line":88,"column":0},"end":{"line":88,"column":0}},"88":{"start":{"line":89,"column":0},"end":{"line":89,"column":32}},"89":{"start":{"line":90,"column":0},"end":{"line":90,"column":106}},"90":{"start":{"line":91,"column":0},"end":{"line":91,"column":18}},"91":{"start":{"line":92,"column":0},"end":{"line":92,"column":26}},"92":{"start":{"line":93,"column":0},"end":{"line":93,"column":27}},"93":{"start":{"line":94,"column":0},"end":{"line":94,"column":25}},"94":{"start":{"line":95,"column":0},"end":{"line":95,"column":38}},"95":{"start":{"line":96,"column":0},"end":{"line":96,"column":37}},"96":{"start":{"line":97,"column":0},"end":{"line":97,"column":22}},"97":{"start":{"line":98,"column":0},"end":{"line":98,"column":45}},"98":{"start":{"line":99,"column":0},"end":{"line":99,"column":129}},"99":{"start":{"line":100,"column":0},"end":{"line":100,"column":43}},"100":{"start":{"line":101,"column":0},"end":{"line":101,"column":14}},"101":{"start":{"line":102,"column":0},"end":{"line":102,"column":16}},"102":{"start":{"line":103,"column":0},"end":{"line":103,"column":0}},"103":{"start":{"line":104,"column":0},"end":{"line":104,"column":41}},"104":{"start":{"line":105,"column":0},"end":{"line":105,"column":114}},"105":{"start":{"line":106,"column":0},"end":{"line":106,"column":18}},"106":{"start":{"line":107,"column":0},"end":{"line":107,"column":89}},"107":{"start":{"line":108,"column":0},"end":{"line":108,"column":31}},"108":{"start":{"line":109,"column":0},"end":{"line":109,"column":29}},"109":{"start":{"line":110,"column":0},"end":{"line":110,"column":42}},"110":{"start":{"line":111,"column":0},"end":{"line":111,"column":37}},"111":{"start":{"line":112,"column":0},"end":{"line":112,"column":22}},"112":{"start":{"line":113,"column":0},"end":{"line":113,"column":49}},"113":{"start":{"line":114,"column":0},"end":{"line":114,"column":129}},"114":{"start":{"line":115,"column":0},"end":{"line":115,"column":43}},"115":{"start":{"line":116,"column":0},"end":{"line":116,"column":14}},"116":{"start":{"line":117,"column":0},"end":{"line":117,"column":19}},"117":{"start":{"line":118,"column":0},"end":{"line":118,"column":27}},"118":{"start":{"line":119,"column":0},"end":{"line":119,"column":48}},"119":{"start":{"line":120,"column":0},"end":{"line":120,"column":96}},"120":{"start":{"line":121,"column":0},"end":{"line":121,"column":13}},"121":{"start":{"line":122,"column":0},"end":{"line":122,"column":101}},"122":{"start":{"line":123,"column":0},"end":{"line":123,"column":21}},"123":{"start":{"line":124,"column":0},"end":{"line":124,"column":16}},"124":{"start":{"line":125,"column":0},"end":{"line":125,"column":126}},"125":{"start":{"line":126,"column":0},"end":{"line":126,"column":37}},"126":{"start":{"line":127,"column":0},"end":{"line":127,"column":0}},"127":{"start":{"line":128,"column":0},"end":{"line":128,"column":14}},"128":{"start":{"line":129,"column":0},"end":{"line":129,"column":9}},"129":{"start":{"line":130,"column":0},"end":{"line":130,"column":8}},"130":{"start":{"line":131,"column":0},"end":{"line":131,"column":0}},"131":{"start":{"line":132,"column":0},"end":{"line":132,"column":48}},"132":{"start":{"line":133,"column":0},"end":{"line":133,"column":19}},"133":{"start":{"line":134,"column":0},"end":{"line":134,"column":27}},"134":{"start":{"line":135,"column":0},"end":{"line":135,"column":129}},"135":{"start":{"line":136,"column":0},"end":{"line":136,"column":43}},"136":{"start":{"line":137,"column":0},"end":{"line":137,"column":13}},"137":{"start":{"line":138,"column":0},"end":{"line":138,"column":28}},"138":{"start":{"line":139,"column":0},"end":{"line":139,"column":21}},"139":{"start":{"line":140,"column":0},"end":{"line":140,"column":16}},"140":{"start":{"line":141,"column":0},"end":{"line":141,"column":15}},"141":{"start":{"line":142,"column":0},"end":{"line":142,"column":12}},"142":{"start":{"line":143,"column":0},"end":{"line":143,"column":10}},"143":{"start":{"line":144,"column":0},"end":{"line":144,"column":4}},"144":{"start":{"line":145,"column":0},"end":{"line":145,"column":2}},"145":{"start":{"line":146,"column":0},"end":{"line":146,"column":0}},"146":{"start":{"line":147,"column":0},"end":{"line":147,"column":21}}},"s":{"0":1,"1":4,"2":1,"3":1,"4":1,"5":1,"6":1,"7":1,"8":1,"9":1,"10":1,"11":1,"12":1,"13":1,"14":1,"15":1,"16":1,"17":1,"18":0,"19":1,"20":1,"21":1,"22":1,"23":1,"24":1,"25":1,"26":1,"27":0,"28":0,"29":0,"30":0,"31":0,"32":0,"33":0,"34":0,"35":0,"36":0,"37":0,"38":0,"39":0,"40":0,"41":0,"42":0,"43":0,"44":0,"45":0,"46":0,"47":0,"48":0,"49":0,"50":0,"51":1,"52":1,"53":1,"54":1,"55":1,"56":0,"57":0,"58":0,"59":0,"60":1,"61":1,"62":1,"63":1,"64":1,"65":1,"66":1,"67":1,"68":1,"69":1,"70":0,"71":1,"72":1,"73":1,"74":1,"75":1,"76":1,"77":1,"78":1,"79":1,"80":1,"81":1,"82":1,"83":1,"84":1,"85":1,"86":1,"87":1,"88":1,"89":1,"90":1,"91":1,"92":1,"93":1,"94":1,"95":1,"96":1,"97":1,"98":1,"99":1,"100":1,"101":1,"102":1,"103":1,"104":1,"105":1,"106":1,"107":1,"108":1,"109":1,"110":1,"111":1,"112":1,"113":1,"114":1,"115":1,"116":1,"117":1,"118":1,"119":1,"120":1,"121":1,"122":1,"123":1,"124":1,"125":1,"126":1,"127":1,"128":1,"129":1,"130":1,"131":1,"132":1,"133":1,"134":1,"135":1,"136":1,"137":1,"138":1,"139":1,"140":1,"141":1,"142":1,"143":1,"144":1,"145":1,"146":1},"branchMap":{"0":{"type":"branch","line":2,"loc":{"start":{"line":2,"column":0},"end":{"line":2,"column":47}},"locations":[{"start":{"line":2,"column":0},"end":{"line":2,"column":47}}]},"1":{"type":"branch","line":2,"loc":{"start":{"line":2,"column":0},"end":{"line":2,"column":47}},"locations":[{"start":{"line":2,"column":0},"end":{"line":2,"column":47}}]},"2":{"type":"branch","line":2,"loc":{"start":{"line":2,"column":0},"end":{"line":2,"column":47}},"locations":[{"start":{"line":2,"column":0},"end":{"line":2,"column":47}}]},"3":{"type":"branch","line":2,"loc":{"start":{"line":2,"column":0},"end":{"line":2,"column":47}},"locations":[{"start":{"line":2,"column":0},"end":{"line":2,"column":47}}]},"4":{"type":"branch","line":2,"loc":{"start":{"line":2,"column":0},"end":{"line":2,"column":47}},"locations":[{"start":{"line":2,"column":0},"end":{"line":2,"column":47}}]},"5":{"type":"branch","line":2,"loc":{"start":{"line":2,"column":0},"end":{"line":2,"column":47}},"locations":[{"start":{"line":2,"column":0},"end":{"line":2,"column":47}}]},"6":{"type":"branch","line":11,"loc":{"start":{"line":11,"column":21},"end":{"line":145,"column":2}},"locations":[{"start":{"line":11,"column":21},"end":{"line":145,"column":2}}]},"7":{"type":"branch","line":70,"loc":{"start":{"line":70,"column":18},"end":{"line":71,"column":18}},"locations":[{"start":{"line":70,"column":18},"end":{"line":71,"column":18}}]},"8":{"type":"branch","line":107,"loc":{"start":{"line":107,"column":32},"end":{"line":107,"column":41}},"locations":[{"start":{"line":107,"column":32},"end":{"line":107,"column":41}}]},"9":{"type":"branch","line":122,"loc":{"start":{"line":122,"column":27},"end":{"line":122,"column":54}},"locations":[{"start":{"line":122,"column":27},"end":{"line":122,"column":54}}]},"10":{"type":"branch","line":27,"loc":{"start":{"line":27,"column":19},"end":{"line":27,"column":22}},"locations":[{"start":{"line":27,"column":19},"end":{"line":27,"column":22}}]}},"b":{"0":[1],"1":[4],"2":[0],"3":[0],"4":[0],"5":[4],"6":[1],"7":[0],"8":[0],"9":[0],"10":[1]},"fnMap":{"0":{"name":"asyncGeneratorStep","decl":{"start":{"line":2,"column":0},"end":{"line":2,"column":47}},"loc":{"start":{"line":2,"column":0},"end":{"line":2,"column":47}},"line":2},"1":{"name":"_asyncToGenerator","decl":{"start":{"line":2,"column":0},"end":{"line":2,"column":47}},"loc":{"start":{"line":2,"column":0},"end":{"line":2,"column":47}},"line":2},"2":{"name":"_slicedToArray","decl":{"start":{"line":2,"column":0},"end":{"line":2,"column":47}},"loc":{"start":{"line":2,"column":0},"end":{"line":2,"column":47}},"line":2},"3":{"name":"_nonIterableRest","decl":{"start":{"line":2,"column":0},"end":{"line":2,"column":47}},"loc":{"start":{"line":2,"column":0},"end":{"line":2,"column":47}},"line":2},"4":{"name":"_unsupportedIterableToArray","decl":{"start":{"line":2,"column":0},"end":{"line":2,"column":47}},"loc":{"start":{"line":2,"column":0},"end":{"line":2,"column":47}},"line":2},"5":{"name":"_arrayLikeToArray","decl":{"start":{"line":2,"column":0},"end":{"line":2,"column":47}},"loc":{"start":{"line":2,"column":0},"end":{"line":2,"column":47}},"line":2},"6":{"name":"_iterableToArrayLimit","decl":{"start":{"line":2,"column":0},"end":{"line":2,"column":47}},"loc":{"start":{"line":2,"column":0},"end":{"line":2,"column":47}},"line":2},"7":{"name":"_arrayWithHoles","decl":{"start":{"line":2,"column":0},"end":{"line":2,"column":47}},"loc":{"start":{"line":2,"column":0},"end":{"line":2,"column":47}},"line":2},"8":{"name":"Login","decl":{"start":{"line":11,"column":21},"end":{"line":145,"column":2}},"loc":{"start":{"line":11,"column":21},"end":{"line":145,"column":2}},"line":11},"9":{"name":"togglePasswordVisibility","decl":{"start":{"line":18,"column":35},"end":{"line":20,"column":3}},"loc":{"start":{"line":18,"column":35},"end":{"line":20,"column":3}},"line":18},"10":{"name":"_callee","decl":{"start":{"line":27,"column":22},"end":{"line":51,"column":15}},"loc":{"start":{"line":27,"column":22},"end":{"line":51,"column":15}},"line":27},"11":{"name":"handleChange","decl":{"start":{"line":56,"column":23},"end":{"line":61,"column":3}},"loc":{"start":{"line":56,"column":23},"end":{"line":61,"column":3}},"line":56}},"f":{"0":0,"1":1,"2":4,"3":0,"4":0,"5":0,"6":0,"7":4,"8":1,"9":0,"10":0,"11":0}}
,"E:\\Proyectos\\Proyecto-FULL-PRESTIGE\\FrontEnd\\Frontend\\src\\components\\Alertas.jsx": {"path":"E:\\Proyectos\\Proyecto-FULL-PRESTIGE\\FrontEnd\\Frontend\\src\\components\\Alertas.jsx","all":false,"statementMap":{"0":{"start":{"line":1,"column":0},"end":{"line":1,"column":26}},"1":{"start":{"line":2,"column":0},"end":{"line":2,"column":0}},"2":{"start":{"line":3,"column":0},"end":{"line":3,"column":54}},"3":{"start":{"line":4,"column":0},"end":{"line":4,"column":12}},"4":{"start":{"line":5,"column":0},"end":{"line":5,"column":12}},"5":{"start":{"line":6,"column":0},"end":{"line":6,"column":100}},"6":{"start":{"line":7,"column":0},"end":{"line":7,"column":83}},"7":{"start":{"line":8,"column":0},"end":{"line":8,"column":9}},"8":{"start":{"line":9,"column":0},"end":{"line":9,"column":50}},"9":{"start":{"line":10,"column":0},"end":{"line":10,"column":47}},"10":{"start":{"line":11,"column":0},"end":{"line":11,"column":20}},"11":{"start":{"line":12,"column":0},"end":{"line":12,"column":99}},"12":{"start":{"line":13,"column":0},"end":{"line":13,"column":54}},"13":{"start":{"line":14,"column":0},"end":{"line":14,"column":39}},"14":{"start":{"line":15,"column":0},"end":{"line":15,"column":39}},"15":{"start":{"line":16,"column":0},"end":{"line":16,"column":17}},"16":{"start":{"line":17,"column":0},"end":{"line":17,"column":29}},"17":{"start":{"line":18,"column":0},"end":{"line":18,"column":41}},"18":{"start":{"line":19,"column":0},"end":{"line":19,"column":29}},"19":{"start":{"line":20,"column":0},"end":{"line":20,"column":46}},"20":{"start":{"line":21,"column":0},"end":{"line":21,"column":165}},"21":{"start":{"line":22,"column":0},"end":{"line":22,"column":46}},"22":{"start":{"line":23,"column":0},"end":{"line":23,"column":26}},"23":{"start":{"line":24,"column":0},"end":{"line":24,"column":25}},"24":{"start":{"line":25,"column":0},"end":{"line":25,"column":41}},"25":{"start":{"line":26,"column":0},"end":{"line":26,"column":29}},"26":{"start":{"line":27,"column":0},"end":{"line":27,"column":46}},"27":{"start":{"line":28,"column":0},"end":{"line":28,"column":95}},"28":{"start":{"line":29,"column":0},"end":{"line":29,"column":46}},"29":{"start":{"line":30,"column":0},"end":{"line":30,"column":26}},"30":{"start":{"line":31,"column":0},"end":{"line":31,"column":22}},"31":{"start":{"line":32,"column":0},"end":{"line":32,"column":22}},"32":{"start":{"line":33,"column":0},"end":{"line":33,"column":38}},"33":{"start":{"line":34,"column":0},"end":{"line":34,"column":93}},"34":{"start":{"line":35,"column":0},"end":{"line":35,"column":33}},"35":{"start":{"line":36,"column":0},"end":{"line":36,"column":24}},"36":{"start":{"line":37,"column":0},"end":{"line":37,"column":22}},"37":{"start":{"line":38,"column":0},"end":{"line":38,"column":18}},"38":{"start":{"line":39,"column":0},"end":{"line":39,"column":0}},"39":{"start":{"line":40,"column":0},"end":{"line":40,"column":36}},"40":{"start":{"line":41,"column":0},"end":{"line":41,"column":58}},"41":{"start":{"line":42,"column":0},"end":{"line":42,"column":78}},"42":{"start":{"line":43,"column":0},"end":{"line":43,"column":70}},"43":{"start":{"line":44,"column":0},"end":{"line":44,"column":40}},"44":{"start":{"line":45,"column":0},"end":{"line":45,"column":79}},"45":{"start":{"line":46,"column":0},"end":{"line":46,"column":29}},"46":{"start":{"line":47,"column":0},"end":{"line":47,"column":23}},"47":{"start":{"line":48,"column":0},"end":{"line":48,"column":21}},"48":{"start":{"line":49,"column":0},"end":{"line":49,"column":14}},"49":{"start":{"line":50,"column":0},"end":{"line":50,"column":14}},"50":{"start":{"line":51,"column":0},"end":{"line":51,"column":6}},"51":{"start":{"line":52,"column":0},"end":{"line":52,"column":2}},"52":{"start":{"line":53,"column":0},"end":{"line":53,"column":0}},"53":{"start":{"line":54,"column":0},"end":{"line":54,"column":23}}},"s":{"0":1,"1":1,"2":1,"3":1,"4":1,"5":1,"6":1,"7":1,"8":1,"9":1,"10":1,"11":1,"12":1,"13":1,"14":1,"15":1,"16":1,"17":1,"18":1,"19":1,"20":1,"21":1,"22":1,"23":0,"24":0,"25":0,"26":0,"27":0,"28":0,"29":0,"30":1,"31":1,"32":1,"33":1,"34":1,"35":1,"36":1,"37":1,"38":1,"39":1,"40":1,"41":0,"42":0,"43":0,"44":0,"45":0,"46":0,"47":0,"48":1,"49":1,"50":1,"51":1,"52":1,"53":1},"branchMap":{"0":{"type":"branch","line":3,"loc":{"start":{"line":3,"column":16},"end":{"line":52,"column":2}},"locations":[{"start":{"line":3,"column":16},"end":{"line":52,"column":2}}]},"1":{"type":"branch","line":3,"loc":{"start":{"line":3,"column":46},"end":{"line":3,"column":53}},"locations":[{"start":{"line":3,"column":46},"end":{"line":3,"column":53}}]},"2":{"type":"branch","line":7,"loc":{"start":{"line":7,"column":51},"end":{"line":7,"column":80}},"locations":[{"start":{"line":7,"column":51},"end":{"line":7,"column":80}}]},"3":{"type":"branch","line":12,"loc":{"start":{"line":12,"column":65},"end":{"line":12,"column":82}},"locations":[{"start":{"line":12,"column":65},"end":{"line":12,"column":82}}]},"4":{"type":"branch","line":24,"loc":{"start":{"line":24,"column":-2},"end":{"line":30,"column":26}},"locations":[{"start":{"line":24,"column":-2},"end":{"line":30,"column":26}}]},"5":{"type":"branch","line":34,"loc":{"start":{"line":34,"column":72},"end":{"line":34,"column":89}},"locations":[{"start":{"line":34,"column":72},"end":{"line":34,"column":89}}]},"6":{"type":"branch","line":41,"loc":{"start":{"line":41,"column":18},"end":{"line":41,"column":53}},"locations":[{"start":{"line":41,"column":18},"end":{"line":41,"column":53}}]},"7":{"type":"branch","line":41,"loc":{"start":{"line":41,"column":53},"end":{"line":48,"column":21}},"locations":[{"start":{"line":41,"column":53},"end":{"line":48,"column":21}}]}},"b":{"0":[1],"1":[0],"2":[0],"3":[0],"4":[0],"5":[0],"6":[0],"7":[0]},"fnMap":{"0":{"name":"Mensaje","decl":{"start":{"line":3,"column":16},"end":{"line":52,"column":2}},"loc":{"start":{"line":3,"column":16},"end":{"line":52,"column":2}},"line":3}},"f":{"0":1}}
,"E:\\Proyectos\\Proyecto-FULL-PRESTIGE\\FrontEnd\\Frontend\\src\\components\\Asistencia\\TablaAsistencia.jsx": {"path":"E:\\Proyectos\\Proyecto-FULL-PRESTIGE\\FrontEnd\\Frontend\\src\\components\\Asistencia\\TablaAsistencia.jsx","all":false,"statementMap":{"0":{"start":{"line":1,"column":0},"end":{"line":1,"column":35}},"1":{"start":{"line":2,"column":0},"end":{"line":2,"column":56}},"2":{"start":{"line":3,"column":0},"end":{"line":3,"column":62}},"3":{"start":{"line":4,"column":0},"end":{"line":4,"column":60}},"4":{"start":{"line":5,"column":0},"end":{"line":5,"column":0}},"5":{"start":{"line":6,"column":0},"end":{"line":6,"column":50}},"6":{"start":{"line":7,"column":0},"end":{"line":7,"column":142}},"7":{"start":{"line":8,"column":0},"end":{"line":8,"column":61}},"8":{"start":{"line":9,"column":0},"end":{"line":9,"column":0}},"9":{"start":{"line":10,"column":0},"end":{"line":10,"column":0}},"10":{"start":{"line":11,"column":0},"end":{"line":11,"column":45}},"11":{"start":{"line":12,"column":0},"end":{"line":12,"column":35}},"12":{"start":{"line":13,"column":0},"end":{"line":13,"column":31}},"13":{"start":{"line":14,"column":0},"end":{"line":14,"column":35}},"14":{"start":{"line":15,"column":0},"end":{"line":15,"column":78}},"15":{"start":{"line":16,"column":0},"end":{"line":16,"column":4}},"16":{"start":{"line":17,"column":0},"end":{"line":17,"column":0}},"17":{"start":{"line":18,"column":0},"end":{"line":18,"column":31}},"18":{"start":{"line":19,"column":0},"end":{"line":19,"column":39}},"19":{"start":{"line":20,"column":0},"end":{"line":20,"column":29}},"20":{"start":{"line":21,"column":0},"end":{"line":21,"column":50}},"21":{"start":{"line":22,"column":0},"end":{"line":22,"column":4}},"22":{"start":{"line":23,"column":0},"end":{"line":23,"column":48}},"23":{"start":{"line":24,"column":0},"end":{"line":24,"column":42}},"24":{"start":{"line":25,"column":0},"end":{"line":25,"column":103}},"25":{"start":{"line":26,"column":0},"end":{"line":26,"column":115}},"26":{"start":{"line":27,"column":0},"end":{"line":27,"column":4}},"27":{"start":{"line":28,"column":0},"end":{"line":28,"column":41}},"28":{"start":{"line":29,"column":0},"end":{"line":29,"column":52}},"29":{"start":{"line":30,"column":0},"end":{"line":30,"column":86}},"30":{"start":{"line":31,"column":0},"end":{"line":31,"column":7}},"31":{"start":{"line":32,"column":0},"end":{"line":32,"column":4}},"32":{"start":{"line":33,"column":0},"end":{"line":33,"column":0}},"33":{"start":{"line":34,"column":0},"end":{"line":34,"column":135}},"34":{"start":{"line":35,"column":0},"end":{"line":35,"column":0}},"35":{"start":{"line":36,"column":0},"end":{"line":36,"column":35}},"36":{"start":{"line":37,"column":0},"end":{"line":37,"column":0}},"37":{"start":{"line":38,"column":0},"end":{"line":38,"column":19}},"38":{"start":{"line":39,"column":0},"end":{"line":39,"column":44}},"39":{"start":{"line":40,"column":0},"end":{"line":40,"column":21}},"40":{"start":{"line":41,"column":0},"end":{"line":41,"column":35}},"41":{"start":{"line":42,"column":0},"end":{"line":42,"column":2}},"42":{"start":{"line":43,"column":0},"end":{"line":43,"column":11}},"43":{"start":{"line":44,"column":0},"end":{"line":44,"column":82}},"44":{"start":{"line":45,"column":0},"end":{"line":45,"column":45}},"45":{"start":{"line":46,"column":0},"end":{"line":46,"column":41}},"46":{"start":{"line":47,"column":0},"end":{"line":47,"column":17}},"47":{"start":{"line":48,"column":0},"end":{"line":48,"column":73}},"48":{"start":{"line":49,"column":0},"end":{"line":49,"column":46}},"49":{"start":{"line":50,"column":0},"end":{"line":50,"column":29}},"50":{"start":{"line":51,"column":0},"end":{"line":51,"column":91}},"51":{"start":{"line":52,"column":0},"end":{"line":52,"column":85}},"52":{"start":{"line":53,"column":0},"end":{"line":53,"column":13}},"53":{"start":{"line":54,"column":0},"end":{"line":54,"column":12}},"54":{"start":{"line":55,"column":0},"end":{"line":55,"column":10}},"55":{"start":{"line":56,"column":0},"end":{"line":56,"column":2}},"56":{"start":{"line":57,"column":0},"end":{"line":57,"column":34}},"57":{"start":{"line":58,"column":0},"end":{"line":58,"column":58}},"58":{"start":{"line":59,"column":0},"end":{"line":59,"column":41}},"59":{"start":{"line":60,"column":0},"end":{"line":60,"column":75}},"60":{"start":{"line":61,"column":0},"end":{"line":61,"column":21}},"61":{"start":{"line":62,"column":0},"end":{"line":62,"column":18}},"62":{"start":{"line":63,"column":0},"end":{"line":63,"column":47}},"63":{"start":{"line":64,"column":0},"end":{"line":64,"column":73}},"64":{"start":{"line":65,"column":0},"end":{"line":65,"column":23}},"65":{"start":{"line":66,"column":0},"end":{"line":66,"column":15}},"66":{"start":{"line":67,"column":0},"end":{"line":67,"column":11}},"67":{"start":{"line":68,"column":0},"end":{"line":68,"column":11}},"68":{"start":{"line":69,"column":0},"end":{"line":69,"column":2}},"69":{"start":{"line":70,"column":0},"end":{"line":70,"column":42}},"70":{"start":{"line":71,"column":0},"end":{"line":71,"column":64}},"71":{"start":{"line":72,"column":0},"end":{"line":72,"column":23}},"72":{"start":{"line":73,"column":0},"end":{"line":73,"column":74}},"73":{"start":{"line":74,"column":0},"end":{"line":74,"column":7}},"74":{"start":{"line":75,"column":0},"end":{"line":75,"column":6}},"75":{"start":{"line":76,"column":0},"end":{"line":76,"column":2}},"76":{"start":{"line":77,"column":0},"end":{"line":77,"column":25}},"77":{"start":{"line":78,"column":0},"end":{"line":78,"column":17}},"78":{"start":{"line":79,"column":0},"end":{"line":79,"column":0}},"79":{"start":{"line":80,"column":0},"end":{"line":80,"column":10}},"80":{"start":{"line":81,"column":0},"end":{"line":81,"column":37}},"81":{"start":{"line":82,"column":0},"end":{"line":82,"column":39}},"82":{"start":{"line":83,"column":0},"end":{"line":83,"column":79}},"83":{"start":{"line":84,"column":0},"end":{"line":84,"column":99}},"84":{"start":{"line":85,"column":0},"end":{"line":85,"column":16}},"85":{"start":{"line":86,"column":0},"end":{"line":86,"column":24}},"86":{"start":{"line":87,"column":0},"end":{"line":87,"column":32}},"87":{"start":{"line":88,"column":0},"end":{"line":88,"column":35}},"88":{"start":{"line":89,"column":0},"end":{"line":89,"column":64}},"89":{"start":{"line":90,"column":0},"end":{"line":90,"column":64}},"90":{"start":{"line":91,"column":0},"end":{"line":91,"column":12}},"91":{"start":{"line":92,"column":0},"end":{"line":92,"column":14}},"92":{"start":{"line":93,"column":0},"end":{"line":93,"column":15}},"93":{"start":{"line":94,"column":0},"end":{"line":94,"column":48}},"94":{"start":{"line":95,"column":0},"end":{"line":95,"column":92}},"95":{"start":{"line":96,"column":0},"end":{"line":96,"column":9}},"96":{"start":{"line":97,"column":0},"end":{"line":97,"column":25}},"97":{"start":{"line":98,"column":0},"end":{"line":98,"column":17}},"98":{"start":{"line":99,"column":0},"end":{"line":99,"column":12}},"99":{"start":{"line":100,"column":0},"end":{"line":100,"column":50}},"100":{"start":{"line":101,"column":0},"end":{"line":101,"column":112}},"101":{"start":{"line":102,"column":0},"end":{"line":102,"column":11}},"102":{"start":{"line":103,"column":0},"end":{"line":103,"column":0}},"103":{"start":{"line":104,"column":0},"end":{"line":104,"column":95}},"104":{"start":{"line":105,"column":0},"end":{"line":105,"column":59}},"105":{"start":{"line":106,"column":0},"end":{"line":106,"column":16}},"106":{"start":{"line":107,"column":0},"end":{"line":107,"column":48}},"107":{"start":{"line":108,"column":0},"end":{"line":108,"column":88}},"108":{"start":{"line":109,"column":0},"end":{"line":109,"column":17}},"109":{"start":{"line":110,"column":0},"end":{"line":110,"column":17}},"110":{"start":{"line":111,"column":0},"end":{"line":111,"column":18}},"111":{"start":{"line":112,"column":0},"end":{"line":112,"column":17}},"112":{"start":{"line":113,"column":0},"end":{"line":113,"column":62}},"113":{"start":{"line":114,"column":0},"end":{"line":114,"column":17}},"114":{"start":{"line":115,"column":0},"end":{"line":115,"column":27}},"115":{"start":{"line":116,"column":0},"end":{"line":116,"column":52}},"116":{"start":{"line":117,"column":0},"end":{"line":117,"column":106}},"117":{"start":{"line":118,"column":0},"end":{"line":118,"column":15}},"118":{"start":{"line":119,"column":0},"end":{"line":119,"column":80}},"119":{"start":{"line":120,"column":0},"end":{"line":120,"column":80}},"120":{"start":{"line":121,"column":0},"end":{"line":121,"column":82}},"121":{"start":{"line":122,"column":0},"end":{"line":122,"column":79}},"122":{"start":{"line":123,"column":0},"end":{"line":123,"column":103}},"123":{"start":{"line":124,"column":0},"end":{"line":124,"column":107}},"124":{"start":{"line":125,"column":0},"end":{"line":125,"column":106}},"125":{"start":{"line":126,"column":0},"end":{"line":126,"column":101}},"126":{"start":{"line":127,"column":0},"end":{"line":127,"column":19}},"127":{"start":{"line":128,"column":0},"end":{"line":128,"column":15}},"128":{"start":{"line":129,"column":0},"end":{"line":129,"column":18}},"129":{"start":{"line":130,"column":0},"end":{"line":130,"column":16}},"130":{"start":{"line":131,"column":0},"end":{"line":131,"column":8}},"131":{"start":{"line":132,"column":0},"end":{"line":132,"column":88}},"132":{"start":{"line":133,"column":0},"end":{"line":133,"column":10}},"133":{"start":{"line":134,"column":0},"end":{"line":134,"column":4}},"134":{"start":{"line":135,"column":0},"end":{"line":135,"column":2}},"135":{"start":{"line":136,"column":0},"end":{"line":136,"column":0}},"136":{"start":{"line":137,"column":0},"end":{"line":137,"column":29}},"137":{"start":{"line":138,"column":0},"end":{"line":138,"column":30}},"138":{"start":{"line":139,"column":0},"end":{"line":139,"column":21}},"139":{"start":{"line":140,"column":0},"end":{"line":140,"column":42}},"140":{"start":{"line":141,"column":0},"end":{"line":141,"column":42}},"141":{"start":{"line":142,"column":0},"end":{"line":142,"column":44}},"142":{"start":{"line":143,"column":0},"end":{"line":143,"column":35}},"143":{"start":{"line":144,"column":0},"end":{"line":144,"column":32}},"144":{"start":{"line":145,"column":0},"end":{"line":145,"column":39}},"145":{"start":{"line":146,"column":0},"end":{"line":146,"column":38}},"146":{"start":{"line":147,"column":0},"end":{"line":147,"column":9}},"147":{"start":{"line":148,"column":0},"end":{"line":148,"column":41}},"148":{"start":{"line":149,"column":0},"end":{"line":149,"column":6}},"149":{"start":{"line":150,"column":0},"end":{"line":150,"column":15}},"150":{"start":{"line":151,"column":0},"end":{"line":151,"column":2}}},"s":{"0":1,"1":2,"2":1,"3":1,"4":1,"5":1,"6":2,"7":2,"8":2,"9":2,"10":2,"11":2,"12":0,"13":0,"14":0,"15":2,"16":2,"17":2,"18":2,"19":0,"20":0,"21":2,"22":2,"23":2,"24":2,"25":0,"26":0,"27":0,"28":0,"29":0,"30":0,"31":2,"32":2,"33":2,"34":2,"35":2,"36":2,"37":2,"38":2,"39":2,"40":2,"41":2,"42":2,"43":2,"44":2,"45":2,"46":4,"47":4,"48":0,"49":0,"50":0,"51":0,"52":2,"53":2,"54":2,"55":0,"56":0,"57":0,"58":0,"59":0,"60":0,"61":0,"62":0,"63":0,"64":0,"65":0,"66":0,"67":0,"68":0,"69":0,"70":0,"71":0,"72":0,"73":2,"74":2,"75":2,"76":2,"77":2,"78":2,"79":2,"80":2,"81":2,"82":2,"83":2,"84":2,"85":2,"86":2,"87":2,"88":2,"89":2,"90":2,"91":2,"92":2,"93":2,"94":2,"95":2,"96":2,"97":2,"98":2,"99":2,"100":2,"101":0,"102":0,"103":0,"104":0,"105":0,"106":0,"107":0,"108":0,"109":0,"110":0,"111":0,"112":0,"113":0,"114":0,"115":0,"116":0,"117":0,"118":0,"119":0,"120":0,"121":0,"122":0,"123":0,"124":0,"125":0,"126":0,"127":0,"128":0,"129":0,"130":2,"131":2,"132":2,"133":2,"134":2,"135":1,"136":1,"137":1,"138":1,"139":1,"140":1,"141":1,"142":1,"143":1,"144":1,"145":1,"146":1,"147":1,"148":1,"149":1,"150":1},"branchMap":{"0":{"type":"branch","line":2,"loc":{"start":{"line":2,"column":0},"end":{"line":2,"column":56}},"locations":[{"start":{"line":2,"column":0},"end":{"line":2,"column":56}}]},"1":{"type":"branch","line":2,"loc":{"start":{"line":2,"column":0},"end":{"line":2,"column":56}},"locations":[{"start":{"line":2,"column":0},"end":{"line":2,"column":56}}]},"2":{"type":"branch","line":2,"loc":{"start":{"line":2,"column":0},"end":{"line":2,"column":56}},"locations":[{"start":{"line":2,"column":0},"end":{"line":2,"column":56}}]},"3":{"type":"branch","line":2,"loc":{"start":{"line":2,"column":0},"end":{"line":2,"column":56}},"locations":[{"start":{"line":2,"column":0},"end":{"line":2,"column":56}}]},"4":{"type":"branch","line":2,"loc":{"start":{"line":2,"column":0},"end":{"line":2,"column":56}},"locations":[{"start":{"line":2,"column":0},"end":{"line":2,"column":56}}]},"5":{"type":"branch","line":2,"loc":{"start":{"line":2,"column":0},"end":{"line":2,"column":56}},"locations":[{"start":{"line":2,"column":0},"end":{"line":2,"column":56}}]},"6":{"type":"branch","line":2,"loc":{"start":{"line":2,"column":0},"end":{"line":2,"column":56}},"locations":[{"start":{"line":2,"column":0},"end":{"line":2,"column":56}}]},"7":{"type":"branch","line":2,"loc":{"start":{"line":2,"column":0},"end":{"line":2,"column":56}},"locations":[{"start":{"line":2,"column":0},"end":{"line":2,"column":56}}]},"8":{"type":"branch","line":2,"loc":{"start":{"line":2,"column":0},"end":{"line":2,"column":56}},"locations":[{"start":{"line":2,"column":0},"end":{"line":2,"column":56}}]},"9":{"type":"branch","line":2,"loc":{"start":{"line":2,"column":0},"end":{"line":2,"column":56}},"locations":[{"start":{"line":2,"column":0},"end":{"line":2,"column":56}}]},"10":{"type":"branch","line":2,"loc":{"start":{"line":2,"column":0},"end":{"line":2,"column":56}},"locations":[{"start":{"line":2,"column":0},"end":{"line":2,"column":56}}]},"11":{"type":"branch","line":2,"loc":{"start":{"line":2,"column":0},"end":{"line":2,"column":56}},"locations":[{"start":{"line":2,"column":0},"end":{"line":2,"column":56}}]},"12":{"type":"branch","line":6,"loc":{"start":{"line":6,"column":31},"end":{"line":135,"column":2}},"locations":[{"start":{"line":6,"column":31},"end":{"line":135,"column":2}}]},"13":{"type":"branch","line":102,"loc":{"start":{"line":102,"column":-2},"end":{"line":130,"column":16}},"locations":[{"start":{"line":102,"column":-2},"end":{"line":130,"column":16}}]},"14":{"type":"branch","line":132,"loc":{"start":{"line":132,"column":16},"end":{"line":132,"column":87}},"locations":[{"start":{"line":132,"column":16},"end":{"line":132,"column":87}}]},"15":{"type":"branch","line":24,"loc":{"start":{"line":24,"column":24},"end":{"line":32,"column":3}},"locations":[{"start":{"line":24,"column":24},"end":{"line":32,"column":3}}]},"16":{"type":"branch","line":25,"loc":{"start":{"line":25,"column":45},"end":{"line":32,"column":3}},"locations":[{"start":{"line":25,"column":45},"end":{"line":32,"column":3}}]},"17":{"type":"branch","line":38,"loc":{"start":{"line":38,"column":12},"end":{"line":78,"column":3}},"locations":[{"start":{"line":38,"column":12},"end":{"line":78,"column":3}}]},"18":{"type":"branch","line":39,"loc":{"start":{"line":39,"column":28},"end":{"line":39,"column":31}},"locations":[{"start":{"line":39,"column":28},"end":{"line":39,"column":31}}]},"19":{"type":"branch","line":39,"loc":{"start":{"line":39,"column":31},"end":{"line":73,"column":74}},"locations":[{"start":{"line":39,"column":31},"end":{"line":73,"column":74}}]},"20":{"type":"branch","line":39,"loc":{"start":{"line":39,"column":31},"end":{"line":73,"column":74}},"locations":[{"start":{"line":39,"column":31},"end":{"line":73,"column":74}}]},"21":{"type":"branch","line":55,"loc":{"start":{"line":55,"column":9},"end":{"line":71,"column":64}},"locations":[{"start":{"line":55,"column":9},"end":{"line":71,"column":64}}]},"22":{"type":"branch","line":72,"loc":{"start":{"line":72,"column":-2},"end":{"line":73,"column":74}},"locations":[{"start":{"line":72,"column":-2},"end":{"line":73,"column":74}}]},"23":{"type":"branch","line":46,"loc":{"start":{"line":46,"column":22},"end":{"line":54,"column":12}},"locations":[{"start":{"line":46,"column":22},"end":{"line":54,"column":12}}]},"24":{"type":"branch","line":46,"loc":{"start":{"line":46,"column":23},"end":{"line":52,"column":85}},"locations":[{"start":{"line":46,"column":23},"end":{"line":52,"column":85}}]},"25":{"type":"branch","line":46,"loc":{"start":{"line":46,"column":36},"end":{"line":52,"column":85}},"locations":[{"start":{"line":46,"column":36},"end":{"line":52,"column":85}}]},"26":{"type":"branch","line":48,"loc":{"start":{"line":48,"column":72},"end":{"line":49,"column":46}},"locations":[{"start":{"line":48,"column":72},"end":{"line":49,"column":46}}]},"27":{"type":"branch","line":49,"loc":{"start":{"line":49,"column":45},"end":{"line":52,"column":85}},"locations":[{"start":{"line":49,"column":45},"end":{"line":52,"column":85}}]},"28":{"type":"branch","line":52,"loc":{"start":{"line":52,"column":49},"end":{"line":52,"column":85}},"locations":[{"start":{"line":52,"column":49},"end":{"line":52,"column":85}}]},"29":{"type":"branch","line":52,"loc":{"start":{"line":52,"column":49},"end":{"line":52,"column":85}},"locations":[{"start":{"line":52,"column":49},"end":{"line":52,"column":85}}]},"30":{"type":"branch","line":54,"loc":{"start":{"line":54,"column":11},"end":{"line":54,"column":12}},"locations":[{"start":{"line":54,"column":11},"end":{"line":54,"column":12}}]}},"b":{"0":[6],"1":[0],"2":[0],"3":[4],"4":[6],"5":[6],"6":[6],"7":[2],"8":[0],"9":[0],"10":[0],"11":[2],"12":[2],"13":[0],"14":[0],"15":[2],"16":[0],"17":[2],"18":[2],"19":[2],"20":[2],"21":[0],"22":[0],"23":[2],"24":[4],"25":[4],"26":[0],"27":[0],"28":[0],"29":[0],"30":[4]},"fnMap":{"0":{"name":"asyncGeneratorStep","decl":{"start":{"line":2,"column":0},"end":{"line":2,"column":56}},"loc":{"start":{"line":2,"column":0},"end":{"line":2,"column":56}},"line":2},"1":{"name":"_asyncToGenerator","decl":{"start":{"line":2,"column":0},"end":{"line":2,"column":56}},"loc":{"start":{"line":2,"column":0},"end":{"line":2,"column":56}},"line":2},"2":{"name":"_next","decl":{"start":{"line":2,"column":0},"end":{"line":2,"column":56}},"loc":{"start":{"line":2,"column":0},"end":{"line":2,"column":56}},"line":2},"3":{"name":"_throw","decl":{"start":{"line":2,"column":0},"end":{"line":2,"column":56}},"loc":{"start":{"line":2,"column":0},"end":{"line":2,"column":56}},"line":2},"4":{"name":"_slicedToArray","decl":{"start":{"line":2,"column":0},"end":{"line":2,"column":56}},"loc":{"start":{"line":2,"column":0},"end":{"line":2,"column":56}},"line":2},"5":{"name":"_nonIterableRest","decl":{"start":{"line":2,"column":0},"end":{"line":2,"column":56}},"loc":{"start":{"line":2,"column":0},"end":{"line":2,"column":56}},"line":2},"6":{"name":"_unsupportedIterableToArray","decl":{"start":{"line":2,"column":0},"end":{"line":2,"column":56}},"loc":{"start":{"line":2,"column":0},"end":{"line":2,"column":56}},"line":2},"7":{"name":"_arrayLikeToArray","decl":{"start":{"line":2,"column":0},"end":{"line":2,"column":56}},"loc":{"start":{"line":2,"column":0},"end":{"line":2,"column":56}},"line":2},"8":{"name":"_iterableToArrayLimit","decl":{"start":{"line":2,"column":0},"end":{"line":2,"column":56}},"loc":{"start":{"line":2,"column":0},"end":{"line":2,"column":56}},"line":2},"9":{"name":"_arrayWithHoles","decl":{"start":{"line":2,"column":0},"end":{"line":2,"column":56}},"loc":{"start":{"line":2,"column":0},"end":{"line":2,"column":56}},"line":2},"10":{"name":"TablaAsistencia","decl":{"start":{"line":6,"column":31},"end":{"line":135,"column":2}},"loc":{"start":{"line":6,"column":31},"end":{"line":135,"column":2}},"line":6},"11":{"name":"formatDate","decl":{"start":{"line":12,"column":21},"end":{"line":16,"column":3}},"loc":{"start":{"line":12,"column":21},"end":{"line":16,"column":3}},"line":12},"12":{"name":"handleRowClick","decl":{"start":{"line":19,"column":25},"end":{"line":22,"column":3}},"loc":{"start":{"line":19,"column":25},"end":{"line":22,"column":3}},"line":19},"13":{"name":"filtrarPorMes","decl":{"start":{"line":24,"column":24},"end":{"line":32,"column":3}},"loc":{"start":{"line":24,"column":24},"end":{"line":32,"column":3}},"line":24},"14":{"name":"_callee2","decl":{"start":{"line":39,"column":31},"end":{"line":73,"column":74}},"loc":{"start":{"line":39,"column":31},"end":{"line":73,"column":74}},"line":39},"15":{"name":"_callee2$","decl":{"start":{"line":39,"column":31},"end":{"line":73,"column":74}},"loc":{"start":{"line":39,"column":31},"end":{"line":73,"column":74}},"line":39},"16":{"name":"_callee","decl":{"start":{"line":46,"column":23},"end":{"line":52,"column":85}},"loc":{"start":{"line":46,"column":23},"end":{"line":52,"column":85}},"line":46},"17":{"name":"_callee$","decl":{"start":{"line":46,"column":36},"end":{"line":52,"column":85}},"loc":{"start":{"line":46,"column":36},"end":{"line":52,"column":85}},"line":46},"18":{"name":"onChange","decl":{"start":{"line":89,"column":22},"end":{"line":89,"column":64}},"loc":{"start":{"line":89,"column":22},"end":{"line":89,"column":64}},"line":89},"19":{"name":"onClick","decl":{"start":{"line":94,"column":19},"end":{"line":94,"column":48}},"loc":{"start":{"line":94,"column":19},"end":{"line":94,"column":48}},"line":94}},"f":{"0":6,"1":4,"2":6,"3":0,"4":2,"5":0,"6":0,"7":0,"8":0,"9":2,"10":2,"11":0,"12":0,"13":2,"14":2,"15":2,"16":4,"17":4,"18":0,"19":0}}
,"E:\\Proyectos\\Proyecto-FULL-PRESTIGE\\FrontEnd\\Frontend\\src\\components\\Modals\\ModalAsistencia.jsx": {"path":"E:\\Proyectos\\Proyecto-FULL-PRESTIGE\\FrontEnd\\Frontend\\src\\components\\Modals\\ModalAsistencia.jsx","all":false,"statementMap":{"0":{"start":{"line":1,"column":0},"end":{"line":1,"column":55}},"1":{"start":{"line":2,"column":0},"end":{"line":2,"column":35}},"2":{"start":{"line":3,"column":0},"end":{"line":3,"column":62}},"3":{"start":{"line":4,"column":0},"end":{"line":4,"column":0}},"4":{"start":{"line":5,"column":0},"end":{"line":5,"column":60}},"5":{"start":{"line":6,"column":0},"end":{"line":6,"column":55}},"6":{"start":{"line":7,"column":0},"end":{"line":7,"column":35}},"7":{"start":{"line":8,"column":0},"end":{"line":8,"column":35}},"8":{"start":{"line":9,"column":0},"end":{"line":9,"column":36}},"9":{"start":{"line":10,"column":0},"end":{"line":10,"column":86}},"10":{"start":{"line":11,"column":0},"end":{"line":11,"column":56}},"11":{"start":{"line":12,"column":0},"end":{"line":12,"column":0}},"12":{"start":{"line":13,"column":0},"end":{"line":13,"column":52}},"13":{"start":{"line":14,"column":0},"end":{"line":14,"column":19}},"14":{"start":{"line":15,"column":0},"end":{"line":15,"column":5}},"15":{"start":{"line":16,"column":0},"end":{"line":16,"column":0}},"16":{"start":{"line":17,"column":0},"end":{"line":17,"column":37}},"17":{"start":{"line":18,"column":0},"end":{"line":18,"column":4}},"18":{"start":{"line":19,"column":0},"end":{"line":19,"column":41}},"19":{"start":{"line":20,"column":0},"end":{"line":20,"column":53}},"20":{"start":{"line":21,"column":0},"end":{"line":21,"column":51}},"21":{"start":{"line":22,"column":0},"end":{"line":22,"column":91}},"22":{"start":{"line":23,"column":0},"end":{"line":23,"column":66}},"23":{"start":{"line":24,"column":0},"end":{"line":24,"column":2}},"24":{"start":{"line":25,"column":0},"end":{"line":25,"column":9}},"25":{"start":{"line":26,"column":0},"end":{"line":26,"column":21}},"26":{"start":{"line":27,"column":0},"end":{"line":27,"column":23}},"27":{"start":{"line":28,"column":0},"end":{"line":28,"column":14}},"28":{"start":{"line":29,"column":0},"end":{"line":29,"column":17}},"29":{"start":{"line":30,"column":0},"end":{"line":30,"column":20}},"30":{"start":{"line":31,"column":0},"end":{"line":31,"column":19}},"31":{"start":{"line":32,"column":0},"end":{"line":32,"column":21}},"32":{"start":{"line":33,"column":0},"end":{"line":33,"column":31}},"33":{"start":{"line":34,"column":0},"end":{"line":34,"column":0}},"34":{"start":{"line":35,"column":0},"end":{"line":35,"column":19}},"35":{"start":{"line":36,"column":0},"end":{"line":36,"column":43}},"36":{"start":{"line":37,"column":0},"end":{"line":37,"column":20}},"37":{"start":{"line":38,"column":0},"end":{"line":38,"column":58}},"38":{"start":{"line":39,"column":0},"end":{"line":39,"column":57}},"39":{"start":{"line":40,"column":0},"end":{"line":40,"column":55}},"40":{"start":{"line":41,"column":0},"end":{"line":41,"column":7}},"41":{"start":{"line":42,"column":0},"end":{"line":42,"column":6}},"42":{"start":{"line":43,"column":0},"end":{"line":43,"column":0}},"43":{"start":{"line":44,"column":0},"end":{"line":44,"column":42}},"44":{"start":{"line":45,"column":0},"end":{"line":45,"column":48}},"45":{"start":{"line":46,"column":0},"end":{"line":46,"column":26}},"46":{"start":{"line":47,"column":0},"end":{"line":47,"column":12}},"47":{"start":{"line":48,"column":0},"end":{"line":48,"column":53}},"48":{"start":{"line":49,"column":0},"end":{"line":49,"column":29}},"49":{"start":{"line":50,"column":0},"end":{"line":50,"column":37}},"50":{"start":{"line":51,"column":0},"end":{"line":51,"column":64}},"51":{"start":{"line":52,"column":0},"end":{"line":52,"column":57}},"52":{"start":{"line":53,"column":0},"end":{"line":53,"column":54}},"53":{"start":{"line":54,"column":0},"end":{"line":54,"column":30}},"54":{"start":{"line":55,"column":0},"end":{"line":55,"column":5}},"55":{"start":{"line":56,"column":0},"end":{"line":56,"column":16}},"56":{"start":{"line":57,"column":0},"end":{"line":57,"column":0}},"57":{"start":{"line":58,"column":0},"end":{"line":58,"column":35}},"58":{"start":{"line":59,"column":0},"end":{"line":59,"column":37}},"59":{"start":{"line":60,"column":0},"end":{"line":60,"column":27}},"60":{"start":{"line":61,"column":0},"end":{"line":61,"column":84}},"61":{"start":{"line":62,"column":0},"end":{"line":62,"column":7}},"62":{"start":{"line":63,"column":0},"end":{"line":63,"column":18}},"63":{"start":{"line":64,"column":0},"end":{"line":64,"column":5}},"64":{"start":{"line":65,"column":0},"end":{"line":65,"column":27}},"65":{"start":{"line":66,"column":0},"end":{"line":66,"column":43}},"66":{"start":{"line":67,"column":0},"end":{"line":67,"column":35}},"67":{"start":{"line":68,"column":0},"end":{"line":68,"column":90}},"68":{"start":{"line":69,"column":0},"end":{"line":69,"column":83}},"69":{"start":{"line":70,"column":0},"end":{"line":70,"column":81}},"70":{"start":{"line":71,"column":0},"end":{"line":71,"column":137}},"71":{"start":{"line":72,"column":0},"end":{"line":72,"column":52}},"72":{"start":{"line":73,"column":0},"end":{"line":73,"column":30}},"73":{"start":{"line":74,"column":0},"end":{"line":74,"column":62}},"74":{"start":{"line":75,"column":0},"end":{"line":75,"column":5}},"75":{"start":{"line":76,"column":0},"end":{"line":76,"column":52}},"76":{"start":{"line":77,"column":0},"end":{"line":77,"column":32}},"77":{"start":{"line":78,"column":0},"end":{"line":78,"column":65}},"78":{"start":{"line":79,"column":0},"end":{"line":79,"column":5}},"79":{"start":{"line":80,"column":0},"end":{"line":80,"column":38}},"80":{"start":{"line":81,"column":0},"end":{"line":81,"column":73}},"81":{"start":{"line":82,"column":0},"end":{"line":82,"column":5}},"82":{"start":{"line":83,"column":0},"end":{"line":83,"column":50}},"83":{"start":{"line":84,"column":0},"end":{"line":84,"column":71}},"84":{"start":{"line":85,"column":0},"end":{"line":85,"column":5}},"85":{"start":{"line":86,"column":0},"end":{"line":86,"column":67}},"86":{"start":{"line":87,"column":0},"end":{"line":87,"column":65}},"87":{"start":{"line":88,"column":0},"end":{"line":88,"column":70}},"88":{"start":{"line":89,"column":0},"end":{"line":89,"column":5}},"89":{"start":{"line":90,"column":0},"end":{"line":90,"column":53}},"90":{"start":{"line":91,"column":0},"end":{"line":91,"column":4}},"91":{"start":{"line":92,"column":0},"end":{"line":92,"column":0}},"92":{"start":{"line":93,"column":0},"end":{"line":93,"column":30}},"93":{"start":{"line":94,"column":0},"end":{"line":94,"column":38}},"94":{"start":{"line":95,"column":0},"end":{"line":95,"column":75}},"95":{"start":{"line":96,"column":0},"end":{"line":96,"column":4}},"96":{"start":{"line":97,"column":0},"end":{"line":97,"column":16}},"97":{"start":{"line":98,"column":0},"end":{"line":98,"column":29}},"98":{"start":{"line":99,"column":0},"end":{"line":99,"column":24}},"99":{"start":{"line":100,"column":0},"end":{"line":100,"column":28}},"100":{"start":{"line":101,"column":0},"end":{"line":101,"column":15}},"101":{"start":{"line":102,"column":0},"end":{"line":102,"column":0}},"102":{"start":{"line":103,"column":0},"end":{"line":103,"column":13}},"103":{"start":{"line":104,"column":0},"end":{"line":104,"column":5}},"104":{"start":{"line":105,"column":0},"end":{"line":105,"column":0}},"105":{"start":{"line":106,"column":0},"end":{"line":106,"column":44}},"106":{"start":{"line":107,"column":0},"end":{"line":107,"column":24}},"107":{"start":{"line":108,"column":0},"end":{"line":108,"column":26}},"108":{"start":{"line":109,"column":0},"end":{"line":109,"column":0}},"109":{"start":{"line":110,"column":0},"end":{"line":110,"column":37}},"110":{"start":{"line":111,"column":0},"end":{"line":111,"column":46}},"111":{"start":{"line":112,"column":0},"end":{"line":112,"column":74}},"112":{"start":{"line":113,"column":0},"end":{"line":113,"column":129}},"113":{"start":{"line":114,"column":0},"end":{"line":114,"column":12}},"114":{"start":{"line":115,"column":0},"end":{"line":115,"column":25}},"115":{"start":{"line":116,"column":0},"end":{"line":116,"column":98}},"116":{"start":{"line":117,"column":0},"end":{"line":117,"column":5}},"117":{"start":{"line":118,"column":0},"end":{"line":118,"column":4}},"118":{"start":{"line":119,"column":0},"end":{"line":119,"column":0}},"119":{"start":{"line":120,"column":0},"end":{"line":120,"column":35}},"120":{"start":{"line":121,"column":0},"end":{"line":121,"column":65}},"121":{"start":{"line":122,"column":0},"end":{"line":122,"column":50}},"122":{"start":{"line":123,"column":0},"end":{"line":123,"column":3}},"123":{"start":{"line":124,"column":0},"end":{"line":124,"column":0}},"124":{"start":{"line":125,"column":0},"end":{"line":125,"column":28}},"125":{"start":{"line":126,"column":0},"end":{"line":126,"column":38}},"126":{"start":{"line":127,"column":0},"end":{"line":127,"column":30}},"127":{"start":{"line":128,"column":0},"end":{"line":128,"column":4}},"128":{"start":{"line":129,"column":0},"end":{"line":129,"column":0}},"129":{"start":{"line":130,"column":0},"end":{"line":130,"column":10}},"130":{"start":{"line":131,"column":0},"end":{"line":131,"column":96}},"131":{"start":{"line":132,"column":0},"end":{"line":132,"column":62}},"132":{"start":{"line":133,"column":0},"end":{"line":133,"column":47}},"133":{"start":{"line":134,"column":0},"end":{"line":134,"column":90}},"134":{"start":{"line":135,"column":0},"end":{"line":135,"column":13}},"135":{"start":{"line":136,"column":0},"end":{"line":136,"column":0}},"136":{"start":{"line":137,"column":0},"end":{"line":137,"column":32}},"137":{"start":{"line":138,"column":0},"end":{"line":138,"column":26}},"138":{"start":{"line":139,"column":0},"end":{"line":139,"column":79}},"139":{"start":{"line":140,"column":0},"end":{"line":140,"column":10}},"140":{"start":{"line":141,"column":0},"end":{"line":141,"column":0}},"141":{"start":{"line":142,"column":0},"end":{"line":142,"column":30}},"142":{"start":{"line":143,"column":0},"end":{"line":143,"column":80}},"143":{"start":{"line":144,"column":0},"end":{"line":144,"column":14}},"144":{"start":{"line":145,"column":0},"end":{"line":145,"column":21}},"145":{"start":{"line":146,"column":0},"end":{"line":146,"column":23}},"146":{"start":{"line":147,"column":0},"end":{"line":147,"column":52}},"147":{"start":{"line":148,"column":0},"end":{"line":148,"column":55}},"148":{"start":{"line":149,"column":0},"end":{"line":149,"column":18}},"149":{"start":{"line":150,"column":0},"end":{"line":150,"column":10}},"150":{"start":{"line":151,"column":0},"end":{"line":151,"column":0}},"151":{"start":{"line":152,"column":0},"end":{"line":152,"column":30}},"152":{"start":{"line":153,"column":0},"end":{"line":153,"column":36}},"153":{"start":{"line":154,"column":0},"end":{"line":154,"column":33}},"154":{"start":{"line":155,"column":0},"end":{"line":155,"column":34}},"155":{"start":{"line":156,"column":0},"end":{"line":156,"column":70}},"156":{"start":{"line":157,"column":0},"end":{"line":157,"column":30}},"157":{"start":{"line":158,"column":0},"end":{"line":158,"column":20}},"158":{"start":{"line":159,"column":0},"end":{"line":159,"column":18}},"159":{"start":{"line":160,"column":0},"end":{"line":160,"column":25}},"160":{"start":{"line":161,"column":0},"end":{"line":161,"column":33}},"161":{"start":{"line":162,"column":0},"end":{"line":162,"column":62}},"162":{"start":{"line":163,"column":0},"end":{"line":163,"column":54}},"163":{"start":{"line":164,"column":0},"end":{"line":164,"column":14}},"164":{"start":{"line":165,"column":0},"end":{"line":165,"column":16}},"165":{"start":{"line":166,"column":0},"end":{"line":166,"column":0}},"166":{"start":{"line":167,"column":0},"end":{"line":167,"column":32}},"167":{"start":{"line":168,"column":0},"end":{"line":168,"column":34}},"168":{"start":{"line":169,"column":0},"end":{"line":169,"column":70}},"169":{"start":{"line":170,"column":0},"end":{"line":170,"column":29}},"170":{"start":{"line":171,"column":0},"end":{"line":171,"column":20}},"171":{"start":{"line":172,"column":0},"end":{"line":172,"column":18}},"172":{"start":{"line":173,"column":0},"end":{"line":173,"column":25}},"173":{"start":{"line":174,"column":0},"end":{"line":174,"column":32}},"174":{"start":{"line":175,"column":0},"end":{"line":175,"column":61}},"175":{"start":{"line":176,"column":0},"end":{"line":176,"column":54}},"176":{"start":{"line":177,"column":0},"end":{"line":177,"column":14}},"177":{"start":{"line":178,"column":0},"end":{"line":178,"column":16}},"178":{"start":{"line":179,"column":0},"end":{"line":179,"column":14}},"179":{"start":{"line":180,"column":0},"end":{"line":180,"column":0}},"180":{"start":{"line":181,"column":0},"end":{"line":181,"column":56}},"181":{"start":{"line":182,"column":0},"end":{"line":182,"column":40}},"182":{"start":{"line":183,"column":0},"end":{"line":183,"column":32}},"183":{"start":{"line":184,"column":0},"end":{"line":184,"column":92}},"184":{"start":{"line":185,"column":0},"end":{"line":185,"column":21}},"185":{"start":{"line":186,"column":0},"end":{"line":186,"column":35}},"186":{"start":{"line":187,"column":0},"end":{"line":187,"column":64}},"187":{"start":{"line":188,"column":0},"end":{"line":188,"column":54}},"188":{"start":{"line":189,"column":0},"end":{"line":189,"column":76}},"189":{"start":{"line":190,"column":0},"end":{"line":190,"column":22}},"190":{"start":{"line":191,"column":0},"end":{"line":191,"column":14}},"191":{"start":{"line":192,"column":0},"end":{"line":192,"column":16}},"192":{"start":{"line":193,"column":0},"end":{"line":193,"column":10}},"193":{"start":{"line":194,"column":0},"end":{"line":194,"column":0}},"194":{"start":{"line":195,"column":0},"end":{"line":195,"column":23}},"195":{"start":{"line":196,"column":0},"end":{"line":196,"column":63}},"196":{"start":{"line":197,"column":0},"end":{"line":197,"column":34}},"197":{"start":{"line":198,"column":0},"end":{"line":198,"column":30}},"198":{"start":{"line":199,"column":0},"end":{"line":199,"column":80}},"199":{"start":{"line":200,"column":0},"end":{"line":200,"column":12}},"200":{"start":{"line":201,"column":0},"end":{"line":201,"column":0}},"201":{"start":{"line":202,"column":0},"end":{"line":202,"column":57}},"202":{"start":{"line":203,"column":0},"end":{"line":203,"column":19}},"203":{"start":{"line":204,"column":0},"end":{"line":204,"column":34}},"204":{"start":{"line":205,"column":0},"end":{"line":205,"column":99}},"205":{"start":{"line":206,"column":0},"end":{"line":206,"column":13}},"206":{"start":{"line":207,"column":0},"end":{"line":207,"column":22}},"207":{"start":{"line":208,"column":0},"end":{"line":208,"column":21}},"208":{"start":{"line":209,"column":0},"end":{"line":209,"column":19}},"209":{"start":{"line":210,"column":0},"end":{"line":210,"column":34}},"210":{"start":{"line":211,"column":0},"end":{"line":211,"column":101}},"211":{"start":{"line":212,"column":0},"end":{"line":212,"column":13}},"212":{"start":{"line":213,"column":0},"end":{"line":213,"column":21}},"213":{"start":{"line":214,"column":0},"end":{"line":214,"column":21}},"214":{"start":{"line":215,"column":0},"end":{"line":215,"column":16}},"215":{"start":{"line":216,"column":0},"end":{"line":216,"column":14}},"216":{"start":{"line":217,"column":0},"end":{"line":217,"column":37}},"217":{"start":{"line":218,"column":0},"end":{"line":218,"column":30}},"218":{"start":{"line":219,"column":0},"end":{"line":219,"column":102}},"219":{"start":{"line":220,"column":0},"end":{"line":220,"column":68}},"220":{"start":{"line":221,"column":0},"end":{"line":221,"column":74}},"221":{"start":{"line":222,"column":0},"end":{"line":222,"column":71}},"222":{"start":{"line":223,"column":0},"end":{"line":223,"column":59}},"223":{"start":{"line":224,"column":0},"end":{"line":224,"column":23}},"224":{"start":{"line":225,"column":0},"end":{"line":225,"column":83}},"225":{"start":{"line":226,"column":0},"end":{"line":226,"column":105}},"226":{"start":{"line":227,"column":0},"end":{"line":227,"column":17}},"227":{"start":{"line":228,"column":0},"end":{"line":228,"column":20}},"228":{"start":{"line":229,"column":0},"end":{"line":229,"column":25}},"229":{"start":{"line":230,"column":0},"end":{"line":230,"column":23}},"230":{"start":{"line":231,"column":0},"end":{"line":231,"column":77}},"231":{"start":{"line":232,"column":0},"end":{"line":232,"column":107}},"232":{"start":{"line":233,"column":0},"end":{"line":233,"column":17}},"233":{"start":{"line":234,"column":0},"end":{"line":234,"column":20}},"234":{"start":{"line":235,"column":0},"end":{"line":235,"column":25}},"235":{"start":{"line":236,"column":0},"end":{"line":236,"column":20}},"236":{"start":{"line":237,"column":0},"end":{"line":237,"column":18}},"237":{"start":{"line":238,"column":0},"end":{"line":238,"column":16}},"238":{"start":{"line":239,"column":0},"end":{"line":239,"column":15}},"239":{"start":{"line":240,"column":0},"end":{"line":240,"column":12}},"240":{"start":{"line":241,"column":0},"end":{"line":241,"column":10}},"241":{"start":{"line":242,"column":0},"end":{"line":242,"column":4}},"242":{"start":{"line":243,"column":0},"end":{"line":243,"column":2}},"243":{"start":{"line":244,"column":0},"end":{"line":244,"column":0}},"244":{"start":{"line":245,"column":0},"end":{"line":245,"column":29}},"245":{"start":{"line":246,"column":0},"end":{"line":246,"column":102}},"246":{"start":{"line":247,"column":0},"end":{"line":247,"column":86}},"247":{"start":{"line":248,"column":0},"end":{"line":248,"column":2}}},"s":{"0":1,"1":0,"2":1,"3":1,"4":1,"5":0,"6":0,"7":0,"8":0,"9":0,"10":0,"11":0,"12":0,"13":0,"14":0,"15":0,"16":0,"17":0,"18":0,"19":0,"20":0,"21":0,"22":0,"23":0,"24":0,"25":0,"26":0,"27":0,"28":0,"29":0,"30":0,"31":0,"32":0,"33":0,"34":0,"35":0,"36":0,"37":0,"38":0,"39":0,"40":0,"41":0,"42":0,"43":0,"44":0,"45":0,"46":0,"47":0,"48":0,"49":0,"50":0,"51":0,"52":0,"53":0,"54":0,"55":0,"56":0,"57":0,"58":0,"59":0,"60":0,"61":0,"62":0,"63":0,"64":0,"65":0,"66":0,"67":0,"68":0,"69":0,"70":0,"71":0,"72":0,"73":0,"74":0,"75":0,"76":0,"77":0,"78":0,"79":0,"80":0,"81":0,"82":0,"83":0,"84":0,"85":0,"86":0,"87":0,"88":0,"89":0,"90":0,"91":0,"92":0,"93":0,"94":0,"95":0,"96":0,"97":0,"98":0,"99":0,"100":0,"101":0,"102":0,"103":0,"104":0,"105":0,"106":0,"107":0,"108":0,"109":0,"110":0,"111":0,"112":0,"113":0,"114":0,"115":0,"116":0,"117":0,"118":0,"119":0,"120":0,"121":0,"122":0,"123":0,"124":0,"125":0,"126":0,"127":0,"128":0,"129":0,"130":0,"131":0,"132":0,"133":0,"134":0,"135":0,"136":0,"137":0,"138":0,"139":0,"140":0,"141":0,"142":0,"143":0,"144":0,"145":0,"146":0,"147":0,"148":0,"149":0,"150":0,"151":0,"152":0,"153":0,"154":0,"155":0,"156":0,"157":0,"158":0,"159":0,"160":0,"161":0,"162":0,"163":0,"164":0,"165":0,"166":0,"167":0,"168":0,"169":0,"170":0,"171":0,"172":0,"173":0,"174":0,"175":0,"176":0,"177":0,"178":0,"179":0,"180":0,"181":0,"182":0,"183":0,"184":0,"185":0,"186":0,"187":0,"188":0,"189":0,"190":0,"191":0,"192":0,"193":0,"194":0,"195":0,"196":0,"197":0,"198":0,"199":0,"200":0,"201":0,"202":0,"203":0,"204":0,"205":0,"206":0,"207":0,"208":0,"209":0,"210":0,"211":0,"212":0,"213":0,"214":0,"215":0,"216":0,"217":0,"218":0,"219":0,"220":0,"221":0,"222":0,"223":0,"224":0,"225":0,"226":0,"227":0,"228":0,"229":0,"230":0,"231":0,"232":0,"233":0,"234":0,"235":0,"236":0,"237":0,"238":0,"239":0,"240":0,"241":0,"242":0,"243":1,"244":1,"245":1,"246":1,"247":1},"branchMap":{},"b":{},"fnMap":{"0":{"name":"asyncGeneratorStep","decl":{"start":{"line":2,"column":0},"end":{"line":2,"column":35}},"loc":{"start":{"line":2,"column":0},"end":{"line":2,"column":35}},"line":2},"1":{"name":"_asyncToGenerator","decl":{"start":{"line":2,"column":0},"end":{"line":2,"column":35}},"loc":{"start":{"line":2,"column":0},"end":{"line":2,"column":35}},"line":2},"2":{"name":"_slicedToArray","decl":{"start":{"line":2,"column":0},"end":{"line":2,"column":35}},"loc":{"start":{"line":2,"column":0},"end":{"line":2,"column":35}},"line":2},"3":{"name":"_nonIterableRest","decl":{"start":{"line":2,"column":0},"end":{"line":2,"column":35}},"loc":{"start":{"line":2,"column":0},"end":{"line":2,"column":35}},"line":2},"4":{"name":"_unsupportedIterableToArray","decl":{"start":{"line":2,"column":0},"end":{"line":2,"column":35}},"loc":{"start":{"line":2,"column":0},"end":{"line":2,"column":35}},"line":2},"5":{"name":"_arrayLikeToArray","decl":{"start":{"line":2,"column":0},"end":{"line":2,"column":35}},"loc":{"start":{"line":2,"column":0},"end":{"line":2,"column":35}},"line":2},"6":{"name":"_iterableToArrayLimit","decl":{"start":{"line":2,"column":0},"end":{"line":2,"column":35}},"loc":{"start":{"line":2,"column":0},"end":{"line":2,"column":35}},"line":2},"7":{"name":"_arrayWithHoles","decl":{"start":{"line":2,"column":0},"end":{"line":2,"column":35}},"loc":{"start":{"line":2,"column":0},"end":{"line":2,"column":35}},"line":2},"8":{"name":"ModalAsistencia","decl":{"start":{"line":5,"column":31},"end":{"line":243,"column":2}},"loc":{"start":{"line":5,"column":31},"end":{"line":243,"column":2}},"line":5}},"f":{"0":0,"1":0,"2":0,"3":0,"4":0,"5":0,"6":0,"7":0,"8":0}}
,"E:\\Proyectos\\Proyecto-FULL-PRESTIGE\\FrontEnd\\Frontend\\src\\context\\AuthProvider.jsx": {"path":"E:\\Proyectos\\Proyecto-FULL-PRESTIGE\\FrontEnd\\Frontend\\src\\context\\AuthProvider.jsx","all":false,"statementMap":{"0":{"start":{"line":1,"column":0},"end":{"line":1,"column":25}},"1":{"start":{"line":2,"column":0},"end":{"line":2,"column":58}},"2":{"start":{"line":3,"column":0},"end":{"line":3,"column":46}},"3":{"start":{"line":4,"column":0},"end":{"line":4,"column":34}},"4":{"start":{"line":5,"column":0},"end":{"line":5,"column":0}},"5":{"start":{"line":6,"column":0},"end":{"line":6,"column":33}},"6":{"start":{"line":7,"column":0},"end":{"line":7,"column":35}},"7":{"start":{"line":8,"column":0},"end":{"line":8,"column":0}},"8":{"start":{"line":9,"column":0},"end":{"line":9,"column":22}},"9":{"start":{"line":10,"column":0},"end":{"line":10,"column":40}},"10":{"start":{"line":11,"column":0},"end":{"line":11,"column":51}},"11":{"start":{"line":12,"column":0},"end":{"line":12,"column":40}},"12":{"start":{"line":13,"column":0},"end":{"line":13,"column":56}},"13":{"start":{"line":14,"column":0},"end":{"line":14,"column":46}},"14":{"start":{"line":15,"column":0},"end":{"line":15,"column":34}},"15":{"start":{"line":16,"column":0},"end":{"line":16,"column":0}},"16":{"start":{"line":17,"column":0},"end":{"line":17,"column":119}},"17":{"start":{"line":18,"column":0},"end":{"line":18,"column":43}},"18":{"start":{"line":19,"column":0},"end":{"line":19,"column":67}},"19":{"start":{"line":20,"column":0},"end":{"line":20,"column":37}},"20":{"start":{"line":21,"column":0},"end":{"line":21,"column":44}},"21":{"start":{"line":22,"column":0},"end":{"line":22,"column":58}},"22":{"start":{"line":23,"column":0},"end":{"line":23,"column":56}},"23":{"start":{"line":24,"column":0},"end":{"line":24,"column":47}},"24":{"start":{"line":25,"column":0},"end":{"line":25,"column":0}},"25":{"start":{"line":26,"column":0},"end":{"line":26,"column":67}},"26":{"start":{"line":27,"column":0},"end":{"line":27,"column":70}},"27":{"start":{"line":28,"column":0},"end":{"line":28,"column":0}},"28":{"start":{"line":29,"column":0},"end":{"line":29,"column":72}},"29":{"start":{"line":30,"column":0},"end":{"line":30,"column":27}},"30":{"start":{"line":31,"column":0},"end":{"line":31,"column":9}},"31":{"start":{"line":32,"column":0},"end":{"line":32,"column":5}},"32":{"start":{"line":33,"column":0},"end":{"line":33,"column":4}},"33":{"start":{"line":34,"column":0},"end":{"line":34,"column":36}},"34":{"start":{"line":35,"column":0},"end":{"line":35,"column":13}},"35":{"start":{"line":36,"column":0},"end":{"line":36,"column":65}},"36":{"start":{"line":37,"column":0},"end":{"line":37,"column":27}},"37":{"start":{"line":38,"column":0},"end":{"line":38,"column":26}},"38":{"start":{"line":39,"column":0},"end":{"line":39,"column":55}},"39":{"start":{"line":40,"column":0},"end":{"line":40,"column":52}},"40":{"start":{"line":41,"column":0},"end":{"line":41,"column":17}},"41":{"start":{"line":42,"column":0},"end":{"line":42,"column":13}},"42":{"start":{"line":43,"column":0},"end":{"line":43,"column":57}},"43":{"start":{"line":44,"column":0},"end":{"line":44,"column":44}},"44":{"start":{"line":45,"column":0},"end":{"line":45,"column":25}},"45":{"start":{"line":46,"column":0},"end":{"line":46,"column":31}},"46":{"start":{"line":47,"column":0},"end":{"line":47,"column":9}},"47":{"start":{"line":48,"column":0},"end":{"line":48,"column":5}},"48":{"start":{"line":49,"column":0},"end":{"line":49,"column":0}},"49":{"start":{"line":50,"column":0},"end":{"line":50,"column":46}},"50":{"start":{"line":51,"column":0},"end":{"line":51,"column":51}},"51":{"start":{"line":52,"column":0},"end":{"line":52,"column":13}},"52":{"start":{"line":53,"column":0},"end":{"line":53,"column":64}},"53":{"start":{"line":54,"column":0},"end":{"line":54,"column":0}},"54":{"start":{"line":55,"column":0},"end":{"line":55,"column":57}},"55":{"start":{"line":56,"column":0},"end":{"line":56,"column":26}},"56":{"start":{"line":57,"column":0},"end":{"line":57,"column":55}},"57":{"start":{"line":58,"column":0},"end":{"line":58,"column":54}},"58":{"start":{"line":59,"column":0},"end":{"line":59,"column":17}},"59":{"start":{"line":60,"column":0},"end":{"line":60,"column":14}},"60":{"start":{"line":61,"column":0},"end":{"line":61,"column":67}},"61":{"start":{"line":62,"column":0},"end":{"line":62,"column":26}},"62":{"start":{"line":63,"column":0},"end":{"line":63,"column":42}},"63":{"start":{"line":64,"column":0},"end":{"line":64,"column":64}},"64":{"start":{"line":65,"column":0},"end":{"line":65,"column":25}},"65":{"start":{"line":66,"column":0},"end":{"line":66,"column":30}},"66":{"start":{"line":67,"column":0},"end":{"line":67,"column":87}},"67":{"start":{"line":68,"column":0},"end":{"line":68,"column":60}},"68":{"start":{"line":69,"column":0},"end":{"line":69,"column":65}},"69":{"start":{"line":70,"column":0},"end":{"line":70,"column":80}},"70":{"start":{"line":71,"column":0},"end":{"line":71,"column":20}},"71":{"start":{"line":72,"column":0},"end":{"line":72,"column":56}},"72":{"start":{"line":73,"column":0},"end":{"line":73,"column":73}},"73":{"start":{"line":74,"column":0},"end":{"line":74,"column":34}},"74":{"start":{"line":75,"column":0},"end":{"line":75,"column":35}},"75":{"start":{"line":76,"column":0},"end":{"line":76,"column":25}},"76":{"start":{"line":77,"column":0},"end":{"line":77,"column":77}},"77":{"start":{"line":78,"column":0},"end":{"line":78,"column":13}},"78":{"start":{"line":79,"column":0},"end":{"line":79,"column":9}},"79":{"start":{"line":80,"column":0},"end":{"line":80,"column":6}},"80":{"start":{"line":81,"column":0},"end":{"line":81,"column":21}},"81":{"start":{"line":82,"column":0},"end":{"line":82,"column":51}},"82":{"start":{"line":83,"column":0},"end":{"line":83,"column":17}},"83":{"start":{"line":84,"column":0},"end":{"line":84,"column":9}},"84":{"start":{"line":85,"column":0},"end":{"line":85,"column":25}},"85":{"start":{"line":86,"column":0},"end":{"line":86,"column":9}},"86":{"start":{"line":87,"column":0},"end":{"line":87,"column":10}},"87":{"start":{"line":88,"column":0},"end":{"line":88,"column":4}},"88":{"start":{"line":89,"column":0},"end":{"line":89,"column":12}},"89":{"start":{"line":90,"column":0},"end":{"line":90,"column":37}},"90":{"start":{"line":91,"column":0},"end":{"line":91,"column":13}},"91":{"start":{"line":92,"column":0},"end":{"line":92,"column":21}},"92":{"start":{"line":93,"column":0},"end":{"line":93,"column":24}},"93":{"start":{"line":94,"column":0},"end":{"line":94,"column":21}},"94":{"start":{"line":95,"column":0},"end":{"line":95,"column":24}},"95":{"start":{"line":96,"column":0},"end":{"line":96,"column":33}},"96":{"start":{"line":97,"column":0},"end":{"line":97,"column":24}},"97":{"start":{"line":98,"column":0},"end":{"line":98,"column":27}},"98":{"start":{"line":99,"column":0},"end":{"line":99,"column":13}},"99":{"start":{"line":100,"column":0},"end":{"line":100,"column":10}},"100":{"start":{"line":101,"column":0},"end":{"line":101,"column":22}},"101":{"start":{"line":102,"column":0},"end":{"line":102,"column":31}},"102":{"start":{"line":103,"column":0},"end":{"line":103,"column":5}},"103":{"start":{"line":104,"column":0},"end":{"line":104,"column":1}},"104":{"start":{"line":105,"column":0},"end":{"line":105,"column":0}},"105":{"start":{"line":106,"column":0},"end":{"line":106,"column":8}},"106":{"start":{"line":107,"column":0},"end":{"line":107,"column":16}},"107":{"start":{"line":108,"column":0},"end":{"line":108,"column":1}},"108":{"start":{"line":109,"column":0},"end":{"line":109,"column":0}},"109":{"start":{"line":110,"column":0},"end":{"line":110,"column":26}},"110":{"start":{"line":111,"column":0},"end":{"line":111,"column":0}},"111":{"start":{"line":112,"column":0},"end":{"line":112,"column":26}},"112":{"start":{"line":113,"column":0},"end":{"line":113,"column":40}},"113":{"start":{"line":114,"column":0},"end":{"line":114,"column":2}}},"s":{"0":1,"1":3,"2":1,"3":1,"4":1,"5":1,"6":1,"7":1,"8":1,"9":1,"10":1,"11":1,"12":1,"13":1,"14":1,"15":1,"16":1,"17":1,"18":0,"19":0,"20":0,"21":0,"22":0,"23":0,"24":0,"25":0,"26":0,"27":0,"28":0,"29":0,"30":0,"31":0,"32":1,"33":1,"34":0,"35":0,"36":0,"37":0,"38":0,"39":0,"40":0,"41":0,"42":0,"43":0,"44":0,"45":0,"46":1,"47":1,"48":1,"49":1,"50":0,"51":0,"52":0,"53":0,"54":0,"55":0,"56":0,"57":0,"58":0,"59":0,"60":0,"61":0,"62":0,"63":0,"64":0,"65":0,"66":0,"67":0,"68":0,"69":0,"70":0,"71":0,"72":0,"73":0,"74":0,"75":0,"76":0,"77":1,"78":1,"79":1,"80":1,"81":1,"82":1,"83":1,"84":0,"85":0,"86":1,"87":1,"88":1,"89":1,"90":1,"91":1,"92":1,"93":1,"94":1,"95":1,"96":1,"97":1,"98":1,"99":1,"100":1,"101":1,"102":1,"103":1,"104":1,"105":1,"106":1,"107":1,"108":1,"109":1,"110":1,"111":1,"112":1,"113":1},"branchMap":{"0":{"type":"branch","line":2,"loc":{"start":{"line":2,"column":0},"end":{"line":2,"column":58}},"locations":[{"start":{"line":2,"column":0},"end":{"line":2,"column":58}}]},"1":{"type":"branch","line":2,"loc":{"start":{"line":2,"column":0},"end":{"line":2,"column":58}},"locations":[{"start":{"line":2,"column":0},"end":{"line":2,"column":58}}]},"2":{"type":"branch","line":2,"loc":{"start":{"line":2,"column":0},"end":{"line":2,"column":58}},"locations":[{"start":{"line":2,"column":0},"end":{"line":2,"column":58}}]},"3":{"type":"branch","line":2,"loc":{"start":{"line":2,"column":0},"end":{"line":2,"column":58}},"locations":[{"start":{"line":2,"column":0},"end":{"line":2,"column":58}}]},"4":{"type":"branch","line":2,"loc":{"start":{"line":2,"column":0},"end":{"line":2,"column":58}},"locations":[{"start":{"line":2,"column":0},"end":{"line":2,"column":58}}]},"5":{"type":"branch","line":2,"loc":{"start":{"line":2,"column":0},"end":{"line":2,"column":58}},"locations":[{"start":{"line":2,"column":0},"end":{"line":2,"column":58}}]},"6":{"type":"branch","line":10,"loc":{"start":{"line":10,"column":21},"end":{"line":104,"column":1}},"locations":[{"start":{"line":10,"column":21},"end":{"line":104,"column":1}}]},"7":{"type":"branch","line":34,"loc":{"start":{"line":34,"column":16},"end":{"line":34,"column":19}},"locations":[{"start":{"line":34,"column":16},"end":{"line":34,"column":19}}]},"8":{"type":"branch","line":50,"loc":{"start":{"line":50,"column":26},"end":{"line":50,"column":29}},"locations":[{"start":{"line":50,"column":26},"end":{"line":50,"column":29}}]},"9":{"type":"branch","line":81,"loc":{"start":{"line":81,"column":14},"end":{"line":87,"column":5}},"locations":[{"start":{"line":81,"column":14},"end":{"line":87,"column":5}}]},"10":{"type":"branch","line":84,"loc":{"start":{"line":84,"column":8},"end":{"line":86,"column":9}},"locations":[{"start":{"line":84,"column":8},"end":{"line":86,"column":9}}]}},"b":{"0":[2],"1":[3],"2":[0],"3":[0],"4":[0],"5":[3],"6":[1],"7":[1],"8":[1],"9":[1],"10":[0]},"fnMap":{"0":{"name":"asyncGeneratorStep","decl":{"start":{"line":2,"column":0},"end":{"line":2,"column":58}},"loc":{"start":{"line":2,"column":0},"end":{"line":2,"column":58}},"line":2},"1":{"name":"_asyncToGenerator","decl":{"start":{"line":2,"column":0},"end":{"line":2,"column":58}},"loc":{"start":{"line":2,"column":0},"end":{"line":2,"column":58}},"line":2},"2":{"name":"_slicedToArray","decl":{"start":{"line":2,"column":0},"end":{"line":2,"column":58}},"loc":{"start":{"line":2,"column":0},"end":{"line":2,"column":58}},"line":2},"3":{"name":"_nonIterableRest","decl":{"start":{"line":2,"column":0},"end":{"line":2,"column":58}},"loc":{"start":{"line":2,"column":0},"end":{"line":2,"column":58}},"line":2},"4":{"name":"_unsupportedIterableToArray","decl":{"start":{"line":2,"column":0},"end":{"line":2,"column":58}},"loc":{"start":{"line":2,"column":0},"end":{"line":2,"column":58}},"line":2},"5":{"name":"_arrayLikeToArray","decl":{"start":{"line":2,"column":0},"end":{"line":2,"column":58}},"loc":{"start":{"line":2,"column":0},"end":{"line":2,"column":58}},"line":2},"6":{"name":"_iterableToArrayLimit","decl":{"start":{"line":2,"column":0},"end":{"line":2,"column":58}},"loc":{"start":{"line":2,"column":0},"end":{"line":2,"column":58}},"line":2},"7":{"name":"_arrayWithHoles","decl":{"start":{"line":2,"column":0},"end":{"line":2,"column":58}},"loc":{"start":{"line":2,"column":0},"end":{"line":2,"column":58}},"line":2},"8":{"name":"AuthProvider","decl":{"start":{"line":10,"column":21},"end":{"line":104,"column":1}},"loc":{"start":{"line":10,"column":21},"end":{"line":104,"column":1}},"line":10},"9":{"name":"mostrarErrores","decl":{"start":{"line":17,"column":4},"end":{"line":18,"column":34}},"loc":{"start":{"line":17,"column":4},"end":{"line":18,"column":34}},"line":17},"10":{"name":"_mostrarErrores","decl":{"start":{"line":18,"column":33},"end":{"line":32,"column":5}},"loc":{"start":{"line":18,"column":33},"end":{"line":32,"column":5}},"line":18},"11":{"name":"_callee","decl":{"start":{"line":34,"column":19},"end":{"line":46,"column":31}},"loc":{"start":{"line":34,"column":19},"end":{"line":46,"column":31}},"line":34},"12":{"name":"_callee2","decl":{"start":{"line":50,"column":29},"end":{"line":77,"column":77}},"loc":{"start":{"line":50,"column":29},"end":{"line":77,"column":77}},"line":50}},"f":{"0":0,"1":2,"2":3,"3":0,"4":0,"5":0,"6":0,"7":3,"8":1,"9":0,"10":0,"11":0,"12":0}}
,"E:\\Proyectos\\Proyecto-FULL-PRESTIGE\\FrontEnd\\Frontend\\src\\context\\HistoryContext.jsx": {"path":"E:\\Proyectos\\Proyecto-FULL-PRESTIGE\\FrontEnd\\Frontend\\src\\context\\HistoryContext.jsx","all":false,"statementMap":{"0":{"start":{"line":1,"column":0},"end":{"line":1,"column":38}},"1":{"start":{"line":2,"column":0},"end":{"line":2,"column":20}},"2":{"start":{"line":3,"column":0},"end":{"line":3,"column":0}},"3":{"start":{"line":4,"column":0},"end":{"line":4,"column":46}}},"s":{"0":1,"1":1,"2":1,"3":1},"branchMap":{},"b":{},"fnMap":{},"f":{}}
,"E:\\Proyectos\\Proyecto-FULL-PRESTIGE\\FrontEnd\\Frontend\\src\\context\\historyProvider.jsx": {"path":"E:\\Proyectos\\Proyecto-FULL-PRESTIGE\\FrontEnd\\Frontend\\src\\context\\historyProvider.jsx","all":false,"statementMap":{"0":{"start":{"line":1,"column":0},"end":{"line":1,"column":33}},"1":{"start":{"line":2,"column":0},"end":{"line":2,"column":35}},"2":{"start":{"line":3,"column":0},"end":{"line":3,"column":26}},"3":{"start":{"line":4,"column":0},"end":{"line":4,"column":50}},"4":{"start":{"line":5,"column":0},"end":{"line":5,"column":0}},"5":{"start":{"line":6,"column":0},"end":{"line":6,"column":33}},"6":{"start":{"line":7,"column":0},"end":{"line":7,"column":50}},"7":{"start":{"line":8,"column":0},"end":{"line":8,"column":47}},"8":{"start":{"line":9,"column":0},"end":{"line":9,"column":48}},"9":{"start":{"line":10,"column":0},"end":{"line":10,"column":53}},"10":{"start":{"line":11,"column":0},"end":{"line":11,"column":40}},"11":{"start":{"line":12,"column":0},"end":{"line":12,"column":58}},"12":{"start":{"line":13,"column":0},"end":{"line":13,"column":57}},"13":{"start":{"line":14,"column":0},"end":{"line":14,"column":48}},"14":{"start":{"line":15,"column":0},"end":{"line":15,"column":52}},"15":{"start":{"line":16,"column":0},"end":{"line":16,"column":94}},"16":{"start":{"line":17,"column":0},"end":{"line":17,"column":55}},"17":{"start":{"line":18,"column":0},"end":{"line":18,"column":59}},"18":{"start":{"line":19,"column":0},"end":{"line":19,"column":53}},"19":{"start":{"line":20,"column":0},"end":{"line":20,"column":0}},"20":{"start":{"line":21,"column":0},"end":{"line":21,"column":117}},"21":{"start":{"line":22,"column":0},"end":{"line":22,"column":41}},"22":{"start":{"line":23,"column":0},"end":{"line":23,"column":33}},"23":{"start":{"line":24,"column":0},"end":{"line":24,"column":33}},"24":{"start":{"line":25,"column":0},"end":{"line":25,"column":2}},"25":{"start":{"line":26,"column":0},"end":{"line":26,"column":50}},"26":{"start":{"line":27,"column":0},"end":{"line":27,"column":42}},"27":{"start":{"line":28,"column":0},"end":{"line":28,"column":2}},"28":{"start":{"line":29,"column":0},"end":{"line":29,"column":61}},"29":{"start":{"line":30,"column":0},"end":{"line":30,"column":64}},"30":{"start":{"line":31,"column":0},"end":{"line":31,"column":2}},"31":{"start":{"line":3
[...]
300":4,"301":4,"302":4,"303":4,"304":0,"305":0,"306":0,"307":0,"308":2,"309":2,"310":2,"311":2,"312":0,"313":0,"314":0,"315":0,"316":0,"317":0,"318":0,"319":0,"320":0,"321":0,"322":0,"323":0,"324":0,"325":0,"326":0,"327":0,"328":0,"329":0,"330":0,"331":0,"332":0,"333":0,"334":0,"335":0,"336":0,"337":0,"338":0,"339":0,"340":0,"341":0,"342":0,"343":0,"344":2,"345":2,"346":2,"347":2,"348":2,"349":0,"350":0,"351":0,"352":0,"353":0,"354":0,"355":0,"356":0,"357":0,"358":0,"359":0,"360":0,"361":0,"362":0,"363":0,"364":0,"365":0,"366":0,"367":0,"368":0,"369":0,"370":0,"371":0,"372":0,"373":0,"374":0,"375":0,"376":0,"377":0,"378":0,"379":0,"380":0,"381":2,"382":2,"383":2,"384":2,"385":2,"386":2,"387":2,"388":0,"389":0,"390":0,"391":0,"392":0,"393":0,"394":0,"395":0,"396":0,"397":0,"398":0,"399":0,"400":0,"401":0,"402":0,"403":2,"404":2,"405":2,"406":2,"407":0,"408":0,"409":0,"410":0,"411":0,"412":0,"413":0,"414":0,"415":0,"416":0,"417":0,"418":0,"419":0,"420":0,"421":0,"422":0,"423":0,"424":0,"425":0,"426":0,"427":0,"428":0,"429":0,"430":0,"431":0,"432":0,"433":0,"434":0,"435":0,"436":0,"437":0,"438":0,"439":0,"440":2,"441":2,"442":2,"443":2,"444":2,"445":0,"446":0,"447":0,"448":0,"449":0,"450":0,"451":0,"452":0,"453":0,"454":0,"455":0,"456":0,"457":0,"458":0,"459":0,"460":0,"461":0,"462":0,"463":0,"464":0,"465":0,"466":0,"467":0,"468":0,"469":0,"470":0,"471":0,"472":0,"473":0,"474":0,"475":0,"476":0,"477":0,"478":0,"479":0,"480":0,"481":2,"482":2,"483":2,"484":2,"485":2,"486":2,"487":0,"488":0,"489":0,"490":0,"491":0,"492":0,"493":0,"494":0,"495":0,"496":0,"497":0,"498":0,"499":0,"500":0,"501":0,"502":0,"503":0,"504":0,"505":2,"506":2,"507":2,"508":2,"509":0,"510":0,"511":0,"512":0,"513":0,"514":0,"515":0,"516":0,"517":0,"518":0,"519":0,"520":0,"521":0,"522":0,"523":0,"524":0,"525":0,"526":0,"527":0,"528":0,"529":0,"530":0,"531":0,"532":0,"533":0,"534":0,"535":2,"536":2,"537":2,"538":2,"539":0,"540":0,"541":0,"542":0,"543":0,"544":0,"545":0,"546":0,"547":0,"548":0,"549":0,"550":0,"551":0,"552":0,"553":0,"554":0,"555":0,"556":0,"557":2,"558":2,"559":2,"560":2,"561":0,"562":0,"563":0,"564":0,"565":0,"566":0,"567":0,"568":0,"569":0,"570":0,"571":0,"572":0,"573":0,"574":0,"575":0,"576":0,"577":0,"578":0,"579":0,"580":2,"581":2,"582":2,"583":2,"584":0,"585":0,"586":0,"587":0,"588":0,"589":0,"590":0,"591":0,"592":0,"593":0,"594":0,"595":0,"596":0,"597":0,"598":0,"599":0,"600":0,"601":0,"602":0,"603":0,"604":0,"605":0,"606":0,"607":0,"608":0,"609":0,"610":0,"611":0,"612":0,"613":0,"614":0,"615":0,"616":0,"617":0,"618":0,"619":2,"620":2,"621":2,"622":2,"623":2,"624":0,"625":0,"626":0,"627":0,"628":0,"629":0,"630":0,"631":0,"632":0,"633":0,"634":0,"635":0,"636":0,"637":0,"638":0,"639":0,"640":0,"641":0,"642":0,"643":0,"644":0,"645":0,"646":0,"647":0,"648":0,"649":0,"650":0,"651":0,"652":0,"653":0,"654":0,"655":0,"656":0,"657":0,"658":0,"659":0,"660":0,"661":0,"662":0,"663":2,"664":2,"665":2,"666":0,"667":0,"668":0,"669":0,"670":0,"671":0,"672":0,"673":0,"674":0,"675":0,"676":0,"677":0,"678":0,"679":0,"680":0,"681":0,"682":0,"683":0,"684":0,"685":0,"686":0,"687":0,"688":0,"689":0,"690":0,"691":0,"692":0,"693":0,"694":0,"695":0,"696":0,"697":0,"698":0,"699":0,"700":0,"701":0,"702":0,"703":2,"704":2,"705":2,"706":2,"707":0,"708":0,"709":0,"710":0,"711":0,"712":0,"713":0,"714":0,"715":0,"716":0,"717":0,"718":0,"719":0,"720":0,"721":0,"722":0,"723":0,"724":0,"725":0,"726":0,"727":0,"728":2,"729":2,"730":2,"731":2,"732":2,"733":2,"734":2,"735":2,"736":2,"737":2,"738":2,"739":2,"740":2,"741":2,"742":2,"743":2,"744":2,"745":2,"746":2,"747":2,"748":2,"749":2,"750":2,"751":2,"752":2,"753":2,"754":2,"755":2,"756":2,"757":2,"758":2,"759":2,"760":2,"761":2,"762":2,"763":2,"764":2,"765":2,"766":2,"767":2,"768":2,"769":2,"770":2,"771":2,"772":2,"773":2,"774":2,"775":2,"776":2,"777":2,"778":2,"779":2,"780":2,"781":2,"782":2,"783":2,"784":2,"785":1,"786":1,"787":1,"788":1},"branchMap":{"0":{"type":"branch","line":2,"loc":{"start":{"line":2,"column":0},"end":{"line":2,"column":35}},"locations":[{"start":{"line":2,"column":0},"end":{"line":2,"column":35}}]},"1":{"type":"branch","line":2,"loc":{"start":{"line":2,"column":0},"end":{"line":2,"column":35}},"locations":[{"start":{"line":2,"column":0},"end":{"line":2,"column":35}}]},"2":{"type":"branch","line":2,"loc":{"start":{"line":2,"column":0},"end":{"line":2,"column":35}},"locations":[{"start":{"line":2,"column":0},"end":{"line":2,"column":35}}]},"3":{"type":"branch","line":2,"loc":{"start":{"line":2,"column":0},"end":{"line":2,"column":35}},"locations":[{"start":{"line":2,"column":0},"end":{"line":2,"column":35}}]},"4":{"type":"branch","line":2,"loc":{"start":{"line":2,"column":0},"end":{"line":2,"column":35}},"locations":[{"start":{"line":2,"column":0},"end":{"line":2,"column":35}}]},"5":{"type":"branch","line":2,"loc":{"start":{"line":2,"column":0},"end":{"line":2,"column":35}},"locations":[{"start":{"line":2,"column":0},"end":{"line":2,"column":35}}]},"6":{"type":"branch","line":2,"loc":{"start":{"line":2,"column":0},"end":{"line":2,"column":35}},"locations":[{"start":{"line":2,"column":0},"end":{"line":2,"column":35}}]},"7":{"type":"branch","line":2,"loc":{"start":{"line":2,"column":0},"end":{"line":2,"column":35}},"locations":[{"start":{"line":2,"column":0},"end":{"line":2,"column":35}}]},"8":{"type":"branch","line":2,"loc":{"start":{"line":2,"column":0},"end":{"line":2,"column":35}},"locations":[{"start":{"line":2,"column":0},"end":{"line":2,"column":35}}]},"9":{"type":"branch","line":2,"loc":{"start":{"line":2,"column":0},"end":{"line":2,"column":35}},"locations":[{"start":{"line":2,"column":0},"end":{"line":2,"column":35}}]},"10":{"type":"branch","line":2,"loc":{"start":{"line":2,"column":0},"end":{"line":2,"column":35}},"locations":[{"start":{"line":2,"column":0},"end":{"line":2,"column":35}}]},"11":{"type":"branch","line":2,"loc":{"start":{"line":2,"column":0},"end":{"line":2,"column":35}},"locations":[{"start":{"line":2,"column":0},"end":{"line":2,"column":35}}]},"12":{"type":"branch","line":7,"loc":{"start":{"line":7,"column":31},"end":{"line":785,"column":2}},"locations":[{"start":{"line":7,"column":31},"end":{"line":785,"column":2}}]},"13":{"type":"branch","line":53,"loc":{"start":{"line":53,"column":21},"end":{"line":53,"column":24}},"locations":[{"start":{"line":53,"column":21},"end":{"line":53,"column":24}}]},"14":{"type":"branch","line":77,"loc":{"start":{"line":77,"column":18},"end":{"line":77,"column":19}},"locations":[{"start":{"line":77,"column":18},"end":{"line":77,"column":19}}]},"15":{"type":"branch","line":95,"loc":{"start":{"line":95,"column":28},"end":{"line":95,"column":31}},"locations":[{"start":{"line":95,"column":28},"end":{"line":95,"column":31}}]},"16":{"type":"branch","line":126,"loc":{"start":{"line":126,"column":21},"end":{"line":126,"column":24}},"locations":[{"start":{"line":126,"column":21},"end":{"line":126,"column":24}}]},"17":{"type":"branch","line":148,"loc":{"start":{"line":148,"column":20},"end":{"line":148,"column":23}},"locations":[{"start":{"line":148,"column":20},"end":{"line":148,"column":23}}]},"18":{"type":"branch","line":167,"loc":{"start":{"line":167,"column":28},"end":{"line":167,"column":31}},"locations":[{"start":{"line":167,"column":28},"end":{"line":167,"column":31}}]},"19":{"type":"branch","line":200,"loc":{"start":{"line":200,"column":27},"end":{"line":200,"column":30}},"locations":[{"start":{"line":200,"column":27},"end":{"line":200,"column":30}}]},"20":{"type":"branch","line":219,"loc":{"start":{"line":219,"column":22},"end":{"line":219,"column":25}},"locations":[{"start":{"line":219,"column":22},"end":{"line":219,"column":25}}]},"21":{"type":"branch","line":244,"loc":{"start":{"line":244,"column":23},"end":{"line":244,"column":26}},"locations":[{"start":{"line":244,"column":23},"end":{"line":244,"column":26}}]},"22":{"type":"branch","line":271,"loc":{"start":{"line":271,"column":23},"end":{"line":271,"column":26}},"locations":[{"start":{"line":271,"column":23},"end":{"line":271,"column":26}}]},"23":{"type":"branch","line":293,"loc":{"start":{"line":293,"column":25},"end":{"line":293,"column":28}},"locations":[{"start":{"line":293,"column":25},"end":{"line":293,"column":28}}]},"24":{"type":"branch","line":293,"loc":{"start":{"line":293,"column":28},"end":{"line":308,"column":59}},"locations":[{"start":{"line":293,"column":28},"end":{"line":308,"column":59}}]},"25":{"type":"branch","line":293,"loc":{"start":{"line":293,"column":37},"end":{"line":308,"column":59}},"locations":[{"start":{"line":293,"column":37},"end":{"line":308,"column":59}}]},"26":{"type":"branch","line":293,"loc":{"start":{"line":293,"column":37},"end":{"line":308,"column":59}},"locations":[{"start":{"line":293,"column":37},"end":{"line":308,"column":59}}]},"27":{"type":"branch","line":293,"loc":{"start":{"line":293,"column":37},"end":{"line":295,"column":23}},"locations":[{"start":{"line":293,"column":37},"end":{"line":295,"column":23}}]},"28":{"type":"branch","line":295,"loc":{"start":{"line":295,"column":14},"end":{"line":295,"column":23}},"locations":[{"start":{"line":295,"column":14},"end":{"line":295,"column":23}}]},"29":{"type":"branch","line":295,"loc":{"start":{"line":295,"column":14},"end":{"line":304,"column":109}},"locations":[{"start":{"line":295,"column":14},"end":{"line":304,"column":109}}]},"30":{"type":"branch","line":304,"loc":{"start":{"line":304,"column":108},"end":{"line":306,"column":27}},"locations":[{"start":{"line":304,"column":108},"end":{"line":306,"column":27}}]},"31":{"type":"branch","line":306,"loc":{"start":{"line":306,"column":26},"end":{"line":308,"column":59}},"locations":[{"start":{"line":306,"column":26},"end":{"line":308,"column":59}}]},"32":{"type":"branch","line":312,"loc":{"start":{"line":312,"column":24},"end":{"line":312,"column":27}},"locations":[{"start":{"line":312,"column":24},"end":{"line":312,"column":27}}]},"33":{"type":"branch","line":349,"loc":{"start":{"line":349,"column":26},"end":{"line":349,"column":29}},"locations":[{"start":{"line":349,"column":26},"end":{"line":349,"column":29}}]},"34":{"type":"branch","line":388,"loc":{"start":{"line":388,"column":18},"end":{"line":388,"column":21}},"locations":[{"start":{"line":388,"column":18},"end":{"line":388,"column":21}}]},"35":{"type":"branch","line":407,"loc":{"start":{"line":407,"column":21},"end":{"line":407,"column":24}},"locations":[{"start":{"line":407,"column":21},"end":{"line":407,"column":24}}]},"36":{"type":"branch","line":445,"loc":{"start":{"line":445,"column":23},"end":{"line":445,"column":26}},"locations":[{"start":{"line":445,"column":23},"end":{"line":445,"column":26}}]},"37":{"type":"branch","line":487,"loc":{"start":{"line":487,"column":27},"end":{"line":487,"column":30}},"locations":[{"start":{"line":487,"column":27},"end":{"line":487,"column":30}}]},"38":{"type":"branch","line":509,"loc":{"start":{"line":509,"column":34},"end":{"line":509,"column":37}},"locations":[{"start":{"line":509,"column":34},"end":{"line":509,"column":37}}]},"39":{"type":"branch","line":539,"loc":{"start":{"line":539,"column":31},"end":{"line":539,"column":34}},"locations":[{"start":{"line":539,"column":31},"end":{"line":539,"column":34}}]},"40":{"type":"branch","line":561,"loc":{"start":{"line":561,"column":37},"end":{"line":561,"column":40}},"locations":[{"start":{"line":561,"column":37},"end":{"line":561,"column":40}}]},"41":{"type":"branch","line":584,"loc":{"start":{"line":584,"column":23},"end":{"line":584,"column":26}},"locations":[{"start":{"line":584,"column":23},"end":{"line":584,"column":26}}]},"42":{"type":"branch","line":624,"loc":{"start":{"line":624,"column":25},"end":{"line":624,"column":28}},"locations":[{"start":{"line":624,"column":25},"end":{"line":624,"column":28}}]},"43":{"type":"branch","line":666,"loc":{"start":{"line":666,"column":32},"end":{"line":666,"column":35}},"locations":[{"start":{"line":666,"column":32},"end":{"line":666,"column":35}}]},"44":{"type":"branch","line":707,"loc":{"start":{"line":707,"column":22},"end":{"line":707,"column":25}},"locations":[{"start":{"line":707,"column":22},"end":{"line":707,"column":25}}]}},"b":{"0":[4],"1":[0],"2":[0],"3":[48],"4":[4],"5":[4],"6":[4],"7":[24],"8":[0],"9":[0],"10":[0],"11":[24],"12":[2],"13":[2],"14":[2],"15":[2],"16":[2],"17":[2],"18":[2],"19":[2],"20":[2],"21":[2],"22":[2],"23":[2],"24":[4],"25":[4],"26":[8],"27":[4],"28":[0],"29":[4],"30":[0],"31":[0],"32":[2],"33":[2],"34":[2],"35":[2],"36":[2],"37":[2],"38":[2],"39":[2],"40":[2],"41":[2],"42":[2],"43":[2],"44":[2]},"fnMap":{"0":{"name":"asyncGeneratorStep","decl":{"start":{"line":2,"column":0},"end":{"line":2,"column":35}},"loc":{"start":{"line":2,"column":0},"end":{"line":2,"column":35}},"line":2},"1":{"name":"_asyncToGenerator","decl":{"start":{"line":2,"column":0},"end":{"line":2,"column":35}},"loc":{"start":{"line":2,"column":0},"end":{"line":2,"column":35}},"line":2},"2":{"name":"_next","decl":{"start":{"line":2,"column":0},"end":{"line":2,"column":35}},"loc":{"start":{"line":2,"column":0},"end":{"line":2,"column":35}},"line":2},"3":{"name":"_throw","decl":{"start":{"line":2,"column":0},"end":{"line":2,"column":35}},"loc":{"start":{"line":2,"column":0},"end":{"line":2,"column":35}},"line":2},"4":{"name":"_slicedToArray","decl":{"start":{"line":2,"column":0},"end":{"line":2,"column":35}},"loc":{"start":{"line":2,"column":0},"end":{"line":2,"column":35}},"line":2},"5":{"name":"_nonIterableRest","decl":{"start":{"line":2,"column":0},"end":{"line":2,"column":35}},"loc":{"start":{"line":2,"column":0},"end":{"line":2,"column":35}},"line":2},"6":{"name":"_unsupportedIterableToArray","decl":{"start":{"line":2,"column":0},"end":{"line":2,"column":35}},"loc":{"start":{"line":2,"column":0},"end":{"line":2,"column":35}},"line":2},"7":{"name":"_arrayLikeToArray","decl":{"start":{"line":2,"column":0},"end":{"line":2,"column":35}},"loc":{"start":{"line":2,"column":0},"end":{"line":2,"column":35}},"line":2},"8":{"name":"_iterableToArrayLimit","decl":{"start":{"line":2,"column":0},"end":{"line":2,"column":35}},"loc":{"start":{"line":2,"column":0},"end":{"line":2,"column":35}},"line":2},"9":{"name":"_arrayWithHoles","decl":{"start":{"line":2,"column":0},"end":{"line":2,"column":35}},"loc":{"start":{"line":2,"column":0},"end":{"line":2,"column":35}},"line":2},"10":{"name":"HistoryProvider","decl":{"start":{"line":7,"column":31},"end":{"line":785,"column":2}},"loc":{"start":{"line":7,"column":31},"end":{"line":785,"column":2}},"line":7},"11":{"name":"mostrarErrores","decl":{"start":{"line":21,"column":2},"end":{"line":22,"column":32}},"loc":{"start":{"line":21,"column":2},"end":{"line":22,"column":32}},"line":21},"12":{"name":"_mostrarErrores","decl":{"start":{"line":22,"column":31},"end":{"line":35,"column":3}},"loc":{"start":{"line":22,"column":31},"end":{"line":35,"column":3}},"line":22},"13":{"name":"retornarErrores","decl":{"start":{"line":36,"column":-2},"end":{"line":37,"column":33}},"loc":{"start":{"line":36,"column":-2},"end":{"line":37,"column":33}},"line":36},"14":{"name":"handleModal","decl":{"start":{"line":46,"column":22},"end":{"line":48,"column":3}},"loc":{"start":{"line":46,"column":22},"end":{"line":48,"column":3}},"line":46},"15":{"name":"_callee","decl":{"start":{"line":53,"column":24},"end":{"line":74,"column":6}},"loc":{"start":{"line":53,"column":24},"end":{"line":74,"column":6}},"line":53},"16":{"name":"_callee2","decl":{"start":{"line":77,"column":19},"end":{"line":91,"column":58}},"loc":{"start":{"line":77,"column":19},"end":{"line":91,"column":58}},"line":77},"17":{"name":"_callee4","decl":{"start":{"line":95,"column":31},"end":{"line":122,"column":53}},"loc":{"start":{"line":95,"column":31},"end":{"line":122,"column":53}},"line":95},"18":{"name":"_callee5","decl":{"start":{"line":126,"column":24},"end":{"line":144,"column":57}},"loc":{"start":{"line":126,"column":24},"end":{"line":144,"column":57}},"line":126},"19":{"name":"_callee6","decl":{"start":{"line":148,"column":23},"end":{"line":163,"column":70}},"loc":{"start":{"line":148,"column":23},"end":{"line":163,"column":70}},"line":148},"20":{"name":"_callee8","decl":{"start":{"line":167,"column":31},"end":{"line":195,"column":53}},"loc":{"start":{"line":167,"column":31},"end":{"line":195,"column":53}},"line":167},"21":{"name":"_callee9","decl":{"start":{"line":200,"column":30},"end":{"line":215,"column":70}},"loc":{"start":{"line":200,"column":30},"end":{"line":215,"column":70}},"line":200},"22":{"name":"_callee10","decl":{"start":{"line":219,"column":25},"end":{"line":239,"column":72}},"loc":{"start":{"line":219,"column":25},"end":{"line":239,"column":72}},"line":219},"23":{"name":"_callee11","decl":{"start":{"line":244,"column":26},"end":{"line":266,"column":72}},"loc":{"start":{"line":244,"column":26},"end":{"line":266,"column":72}},"line":244},"24":{"name":"_callee12","decl":{"start":{"line":271,"column":26},"end":{"line":287,"column":62}},"loc":{"start":{"line":271,"column":26},"end":{"line":287,"column":62}},"line":271},"25":{"name":"_callee13","decl":{"start":{"line":293,"column":28},"end":{"line":308,"column":59}},"loc":{"start":{"line":293,"column":28},"end":{"line":308,"column":59}},"line":293},"26":{"name":"_callee13$","decl":{"start":{"line":293,"column":37},"end":{"line":308,"column":59}},"loc":{"start":{"line":293,"column":37},"end":{"line":308,"column":59}},"line":293},"27":{"name":"_callee14","decl":{"start":{"line":312,"column":27},"end":{"line":344,"column":17}},"loc":{"start":{"line":312,"column":27},"end":{"line":344,"column":17}},"line":312},"28":{"name":"_callee15","decl":{"start":{"line":349,"column":29},"end":{"line":381,"column":17}},"loc":{"start":{"line":349,"column":29},"end":{"line":381,"column":17}},"line":349},"29":{"name":"_callee16","decl":{"start":{"line":388,"column":21},"end":{"line":403,"column":53}},"loc":{"start":{"line":388,"column":21},"end":{"line":403,"column":53}},"line":388},"30":{"name":"_callee17","decl":{"start":{"line":407,"column":24},"end":{"line":440,"column":19}},"loc":{"start":{"line":407,"column":24},"end":{"line":440,"column":19}},"line":407},"31":{"name":"_callee18","decl":{"start":{"line":445,"column":26},"end":{"line":481,"column":19}},"loc":{"start":{"line":445,"column":26},"end":{"line":481,"column":19}},"line":445},"32":{"name":"_callee19","decl":{"start":{"line":487,"column":30},"end":{"line":505,"column":56}},"loc":{"start":{"line":487,"column":30},"end":{"line":505,"column":56}},"line":487},"33":{"name":"_callee22","decl":{"start":{"line":509,"column":37},"end":{"line":535,"column":56}},"loc":{"start":{"line":509,"column":37},"end":{"line":535,"column":56}},"line":509},"34":{"name":"_callee23","decl":{"start":{"line":539,"column":34},"end":{"line":557,"column":56}},"loc":{"start":{"line":539,"column":34},"end":{"line":557,"column":56}},"line":539},"35":{"name":"_callee24","decl":{"start":{"line":561,"column":40},"end":{"line":580,"column":56}},"loc":{"start":{"line":561,"column":40},"end":{"line":580,"column":56}},"line":561},"36":{"name":"_callee25","decl":{"start":{"line":584,"column":26},"end":{"line":619,"column":17}},"loc":{"start":{"line":584,"column":26},"end":{"line":619,"column":17}},"line":584},"37":{"name":"_callee26","decl":{"start":{"line":624,"column":28},"end":{"line":663,"column":4}},"loc":{"start":{"line":624,"column":28},"end":{"line":663,"column":4}},"line":624},"38":{"name":"_callee27","decl":{"start":{"line":666,"column":35},"end":{"line":703,"column":4}},"loc":{"start":{"line":666,"column":35},"end":{"line":703,"column":4}},"line":666},"39":{"name":"_callee28","decl":{"start":{"line":707,"column":25},"end":{"line":728,"column":70}},"loc":{"start":{"line":707,"column":25},"end":{"line":728,"column":70}},"line":707}},"f":{"0":4,"1":48,"2":4,"3":0,"4":24,"5":0,"6":0,"7":0,"8":0,"9":24,"10":2,"11":0,"12":0,"13":0,"14":0,"15":0,"16":0,"17":0,"18":0,"19":0,"20":0,"21":0,"22":0,"23":0,"24":0,"25":4,"26":4,"27":0,"28":0,"29":0,"30":0,"31":0,"32":0,"33":0,"34":0,"35":0,"36":0,"37":0,"38":0,"39":0}}
}
